<?xml version="1.0" encoding="UTF-8"?>
<testsuite name="com.loyalty.avenger.cashlock.specification.GetCashLockSpec" tests="1" skipped="0" failures="0" errors="0" timestamp="2021-11-08T23:53:48" hostname="CAN-JLC-ASML7H" time="53.426">
  <properties/>
  <testcase name="TC-1. Valid random cash lock request for active collector should return 200 Ok status with current collector information." classname="com.loyalty.avenger.cashlock.specification.GetCashLockSpec" time="53.426"/>
  <system-out><![CDATA[18:53:48.000 [Test worker] DEBUG org.springframework.test.annotation.ProfileValueUtils - Retrieved @ProfileValueSourceConfiguration [null] for test class [com.loyalty.avenger.cashlock.specification.GetCashLockSpec]
18:53:48.009 [Test worker] DEBUG org.springframework.test.annotation.ProfileValueUtils - Retrieved ProfileValueSource type [class org.springframework.test.annotation.SystemProfileValueSource] for class [com.loyalty.avenger.cashlock.specification.GetCashLockSpec]
18:53:48.009 [Test worker] DEBUG org.springframework.test.annotation.ProfileValueUtils - Retrieved @ProfileValueSourceConfiguration [null] for test class [com.loyalty.avenger.cashlock.specification.GetCashLockSpec]
18:53:48.010 [Test worker] DEBUG org.springframework.test.annotation.ProfileValueUtils - Retrieved ProfileValueSource type [class org.springframework.test.annotation.SystemProfileValueSource] for class [com.loyalty.avenger.cashlock.specification.GetCashLockSpec]
18:53:48.024 [Test worker] DEBUG org.springframework.test.context.BootstrapUtils - Instantiating CacheAwareContextLoaderDelegate from class [org.springframework.test.context.cache.DefaultCacheAwareContextLoaderDelegate]
18:53:48.035 [Test worker] DEBUG org.springframework.test.context.BootstrapUtils - Instantiating BootstrapContext using constructor [public org.springframework.test.context.support.DefaultBootstrapContext(java.lang.Class,org.springframework.test.context.CacheAwareContextLoaderDelegate)]
18:53:48.037 [Test worker] DEBUG org.springframework.test.context.BootstrapUtils - Instantiating TestContextBootstrapper for test class [com.loyalty.avenger.cashlock.specification.GetCashLockSpec] from class [org.springframework.boot.test.context.SpringBootTestContextBootstrapper]
18:53:48.054 [Test worker] INFO org.springframework.boot.test.context.SpringBootTestContextBootstrapper - Neither @ContextConfiguration nor @ContextHierarchy found for test class [com.loyalty.avenger.cashlock.specification.GetCashLockSpec], using SpringBootContextLoader
18:53:48.058 [Test worker] DEBUG org.springframework.test.context.support.AbstractContextLoader - Did not detect default resource location for test class [com.loyalty.avenger.cashlock.specification.GetCashLockSpec]: class path resource [com/loyalty/avenger/cashlock/specification/GetCashLockSpec-context.xml] does not exist
18:53:48.059 [Test worker] DEBUG org.springframework.test.context.support.AbstractContextLoader - Did not detect default resource location for test class [com.loyalty.avenger.cashlock.specification.GetCashLockSpec]: class path resource [com/loyalty/avenger/cashlock/specification/GetCashLockSpecContext.groovy] does not exist
18:53:48.059 [Test worker] INFO org.springframework.test.context.support.AbstractContextLoader - Could not detect default resource locations for test class [com.loyalty.avenger.cashlock.specification.GetCashLockSpec]: no resource found for suffixes {-context.xml, Context.groovy}.
18:53:48.358 [Test worker] DEBUG org.springframework.boot.test.context.SpringBootTestContextBootstrapper - @TestExecutionListeners is not present for class [com.loyalty.avenger.cashlock.specification.GetCashLockSpec]: using defaults.
18:53:48.359 [Test worker] INFO org.springframework.boot.test.context.SpringBootTestContextBootstrapper - Loaded default TestExecutionListener class names from location [META-INF/spring.factories]: [org.spockframework.spring.SpringMockTestExecutionListener, org.springframework.boot.test.autoconfigure.restdocs.RestDocsTestExecutionListener, org.springframework.boot.test.autoconfigure.web.client.MockRestServiceServerResetTestExecutionListener, org.springframework.boot.test.autoconfigure.web.servlet.MockMvcPrintOnlyOnFailureTestExecutionListener, org.springframework.boot.test.autoconfigure.web.servlet.WebDriverTestExecutionListener, org.springframework.boot.test.mock.mockito.MockitoTestExecutionListener, org.springframework.boot.test.mock.mockito.ResetMocksTestExecutionListener, org.springframework.test.context.web.ServletTestExecutionListener, org.springframework.test.context.support.DirtiesContextBeforeModesTestExecutionListener, org.springframework.test.context.support.DependencyInjectionTestExecutionListener, org.springframework.test.context.support.DirtiesContextTestExecutionListener, org.springframework.test.context.transaction.TransactionalTestExecutionListener, org.springframework.test.context.jdbc.SqlScriptsTestExecutionListener]
18:53:48.385 [Test worker] INFO org.springframework.boot.test.context.SpringBootTestContextBootstrapper - Using TestExecutionListeners: [org.springframework.test.context.web.ServletTestExecutionListener@2800a13d, org.springframework.test.context.support.DirtiesContextBeforeModesTestExecutionListener@6d08b561, org.springframework.boot.test.mock.mockito.MockitoTestExecutionListener@9e8cff2, org.springframework.boot.test.autoconfigure.SpringBootDependencyInjectionTestExecutionListener@cd56f07, org.springframework.test.context.support.DirtiesContextTestExecutionListener@21f13ee9, org.springframework.test.context.transaction.TransactionalTestExecutionListener@9fa340b, org.springframework.test.context.jdbc.SqlScriptsTestExecutionListener@4622fd99, org.springframework.boot.test.autoconfigure.restdocs.RestDocsTestExecutionListener@61a80f0d, org.springframework.boot.test.autoconfigure.web.client.MockRestServiceServerResetTestExecutionListener@498673a7, org.springframework.boot.test.autoconfigure.web.servlet.MockMvcPrintOnlyOnFailureTestExecutionListener@11044cf0, org.springframework.boot.test.autoconfigure.web.servlet.WebDriverTestExecutionListener@409ba57c, org.springframework.boot.test.mock.mockito.ResetMocksTestExecutionListener@616a0a05, org.spockframework.spring.SpringMockTestExecutionListener@1b0b46c4]
18:53:48.691 [Test worker] DEBUG org.springframework.test.context.support.AbstractDirtiesContextTestExecutionListener - Before test class: context [DefaultTestContext@3995a0f3 testClass = GetCashLockSpec, testInstance = [null], testMethod = [null], testException = [null], mergedContextConfiguration = [WebMergedContextConfiguration@e9d5a65 testClass = GetCashLockSpec, locations = '{}', classes = '{class com.loyalty.avenger.cashlock.components.TestApplication, class com.loyalty.avenger.cashlock.components.TestApplication}', contextInitializerClasses = '[]', activeProfiles = '{int}', propertySourceLocations = '{}', propertySourceProperties = '{org.springframework.boot.test.context.SpringBootTestContextBootstrapper=true}', contextCustomizers = set[org.spockframework.spring.mock.SpockContextCustomizer@0, org.springframework.boot.test.autoconfigure.properties.PropertyMappingContextCustomizer@0, org.springframework.boot.test.autoconfigure.web.servlet.WebDriverContextCustomizerFactory$Customizer@6ccd80ba, org.springframework.boot.test.context.filter.ExcludeFilterContextCustomizer@4bb1da12, org.springframework.boot.test.json.DuplicateJsonObjectContextCustomizerFactory$DuplicateJsonObjectContextCustomizer@49060e8f, org.springframework.boot.test.mock.mockito.MockitoContextCustomizer@0, org.springframework.boot.test.web.client.TestRestTemplateContextCustomizer@448f8b23], resourceBasePath = 'src/main/webapp', contextLoader = 'org.springframework.boot.test.context.SpringBootContextLoader', parent = [null]], attributes = map['org.springframework.test.context.web.ServletTestExecutionListener.activateListener' -> true]], class annotated with @DirtiesContext [false] with mode [null].
18:53:48.733 [Test worker] DEBUG org.springframework.test.context.support.TestPropertySourceUtils - Adding inlined properties to environment: {spring.jmx.enabled=false, org.springframework.boot.test.context.SpringBootTestContextBootstrapper=true, server.port=-1}
2021-11-08 18:53:51.190 DEBUG 50407 --- [    Test worker] .c.l.ClasspathLoggingApplicationListener : Application started with classpath: [file:/Users/sislam/.gradle/caches/4.8.1/workerMain/gradle-worker.jar, file:/Users/sislam/IdeaProjects/cash-lock/build/classes/java/test, file:/Users/sislam/IdeaProjects/cash-lock/build/classes/groovy/test/, file:/Users/sislam/IdeaProjects/cash-lock/build/resources/test/, file:/Users/sislam/IdeaProjects/cash-lock/build/classes/java/main, file:/Users/sislam/IdeaProjects/cash-lock/build/classes/groovy/main/, file:/Users/sislam/IdeaProjects/cash-lock/build/resources/main/, file:/Users/sislam/.gradle/caches/modules-2/files-2.1/org.springframework.boot/spring-boot-starter-actuator/2.1.1.RELEASE/65b5ee49303dc91c140760fa2baa06be5199387/spring-boot-starter-actuator-2.1.1.RELEASE.jar, file:/Users/sislam/.gradle/caches/modules-2/files-2.1/org.springframework.boot/spring-boot-starter-web/2.1.1.RELEASE/fccdac7bbd88561a33868101813d9210bd7a13b9/spring-boot-starter-web-2.1.1.RELEASE.jar, file:/Users/sislam/.gradle/caches/modules-2/files-2.1/org.springframework.boot/spring-boot-starter-test/2.1.1.RELEASE/2f23b397e7a1d44879a2ee1bee64a40a32f96efa/spring-boot-starter-test-2.1.1.RELEASE.jar, file:/Users/sislam/.gradle/caches/modules-2/files-2.1/org.springframework.boot/spring-boot-starter-json/2.1.1.RELEASE/5fc133c1c1858020dd8df5192eaeea747c8b6e60/spring-boot-starter-json-2.1.1.RELEASE.jar, file:/Users/sislam/.gradle/caches/modules-2/files-2.1/org.springframework.boot/spring-boot-starter/2.1.1.RELEASE/71df6742de72887214813ff03ae0b6ec4bbcf899/spring-boot-starter-2.1.1.RELEASE.jar, file:/Users/sislam/.gradle/caches/modules-2/files-2.1/org.springframework.boot/spring-boot-starter-logging/2.1.1.RELEASE/f0cba1cfbc46eb02a3af3555e1136ef3890a1bbf/spring-boot-starter-logging-2.1.1.RELEASE.jar, file:/Users/sislam/.gradle/caches/modules-2/files-2.1/ch.qos.logback/logback-classic/1.2.3/7c4f3c474fb2c041d8028740440937705ebb473a/logback-classic-1.2.3.jar, file:/Users/sislam/.gradle/caches/modules-2/files-2.1/com.zaxxer/HikariCP/3.4.5/aa1a2c00aae8e4ba8308e19940711bb9525b103d/HikariCP-3.4.5.jar, file:/Users/sislam/.gradle/caches/modules-2/files-2.1/com.loyalty/member-service-library/0.0.35/752bd23533bc69c7bc48750e3971b5d323dbbd96/member-service-library-0.0.35.jar, file:/Users/sislam/.gradle/caches/modules-2/files-2.1/io.springfox/springfox-swagger2/2.9.2/362676bc7f4c6f9f1d568741becab0dfc198c898/springfox-swagger2-2.9.2.jar, file:/Users/sislam/.gradle/caches/modules-2/files-2.1/io.springfox/springfox-bean-validators/2.9.2/b3faf1ce16918ffc9c3b9932855dd667ab390b95/springfox-bean-validators-2.9.2.jar, file:/Users/sislam/.gradle/caches/modules-2/files-2.1/io.github.resilience4j/resilience4j-circuitbreaker/0.13.1/40839b99573e2eebad67dff3061fd1194d74b1a8/resilience4j-circuitbreaker-0.13.1.jar, file:/Users/sislam/.gradle/caches/modules-2/files-2.1/com.jayway.jsonpath/json-path/2.4.0/765a4401ceb2dc8d40553c2075eb80a8fa35c2ae/json-path-2.4.0.jar, file:/Users/sislam/.gradle/caches/modules-2/files-2.1/io.springfox/springfox-swagger-common/2.9.2/b38a41b3044af80cb7f41f67be5d158c9f6491ec/springfox-swagger-common-2.9.2.jar, file:/Users/sislam/.gradle/caches/modules-2/files-2.1/io.swagger/swagger-models/1.5.20/fb3a23bad80c5ed84db9dd150db2cba699531458/swagger-models-1.5.20.jar, file:/Users/sislam/.gradle/caches/modules-2/files-2.1/io.springfox/springfox-swagger-ui/2.9.2/d542382a88ff3ea8d4032c28b2b0325797fada7d/springfox-swagger-ui-2.9.2.jar, file:/Users/sislam/.gradle/caches/modules-2/files-2.1/io.springfox/springfox-spring-web/2.9.2/ed2ed714a6cba8804d00f80f0534901e4c7a3211/springfox-spring-web-2.9.2.jar, file:/Users/sislam/.gradle/caches/modules-2/files-2.1/io.springfox/springfox-schema/2.9.2/e268f38774b16bb51a92ccaef0dcf3dc651c0cee/springfox-schema-2.9.2.jar, file:/Users/sislam/.gradle/caches/modules-2/files-2.1/io.springfox/springfox-spi/2.9.2/6ac686190a6ceaccdae8b50d03b0501d144a6666/springfox-spi-2.9.2.jar, file:/Users/sislam/.gradle/caches/modules-2/files-2.1/io.springfox/springfox-core/2.9.2/2e26f58939c594fb5c958c3a1c7bedf83d2f2702/springfox-core-2.9.2.jar, file:/Users/sislam/.gradle/caches/modules-2/files-2.1/org.springframework.plugin/spring-plugin-metadata/1.2.0.RELEASE/97223fc496b6cab31602eedbd4202aa4fff0d44f/spring-plugin-metadata-1.2.0.RELEASE.jar, file:/Users/sislam/.gradle/caches/modules-2/files-2.1/org.springframework.plugin/spring-plugin-core/1.2.0.RELEASE/f380e7760032e7d929184f8ad8a33716b75c0657/spring-plugin-core-1.2.0.RELEASE.jar, file:/Users/sislam/.gradle/caches/modules-2/files-2.1/io.github.resilience4j/resilience4j-core/0.13.1/aa9216e031d565f88e23a02a718e3fc7213daf8d/resilience4j-core-0.13.1.jar, file:/Users/sislam/.gradle/caches/modules-2/files-2.1/org.apache.logging.log4j/log4j-to-slf4j/2.11.1/1097acadf76aa4dd721ec5807566003ae9d975de/log4j-to-slf4j-2.11.1.jar, file:/Users/sislam/.gradle/caches/modules-2/files-2.1/org.slf4j/jul-to-slf4j/1.7.25/af5364cd6679bfffb114f0dec8a157aaa283b76/jul-to-slf4j-1.7.25.jar, file:/Users/sislam/.gradle/caches/modules-2/files-2.1/org.slf4j/slf4j-api/1.7.26/77100a62c2e6f04b53977b9f541044d7d722693d/slf4j-api-1.7.26.jar, file:/Users/sislam/.gradle/caches/modules-2/files-2.1/com.microsoft.ews-java-api/ews-java-api/2.0/6f76a4ad706b5aa6534a48ea098b257de6b47627/ews-java-api-2.0.jar, file:/Users/sislam/.gradle/caches/modules-2/files-2.1/org.apache.commons/commons-lang3/3.9/122c7cee69b53ed4a7681c03d4ee4c0e2765da5/commons-lang3-3.9.jar, file:/Users/sislam/.gradle/caches/modules-2/files-2.1/org.apache.poi/poi/4.1.2/964bf41cf68bce08e4ef6b2279b559fdf8d454f4/poi-4.1.2.jar, file:/Users/sislam/.gradle/caches/modules-2/files-2.1/org.apache.httpcomponents/httpclient/4.5.4/2f8a3c0c53550b237d8f7a98a417397395af8b80/httpclient-4.5.4.jar, file:/Users/sislam/.gradle/caches/modules-2/files-2.1/org.springframework/spring-jdbc/5.2.8.RELEASE/72ab49da94436dc4e26a4874abe6046bb2df3883/spring-jdbc-5.2.8.RELEASE.jar, file:/Users/sislam/.gradle/caches/modules-2/files-2.1/mysql/mysql-connector-java/8.0.21/53fd3a0887667aae7e40a3439fff2d03d93ec4c2/mysql-connector-java-8.0.21.jar, file:/Users/sislam/.gradle/caches/modules-2/files-2.1/javax.mail/mail/1.5.0-b01/c128515e42609622ce3f7dc0b431026d80bdb688/mail-1.5.0-b01.jar, file:/Users/sislam/.gradle/caches/modules-2/files-2.1/io.jsonwebtoken/jjwt/0.9.1/54d2abfc3e63a28824d35bf600d6a5d627da681a/jjwt-0.9.1.jar, file:/Users/sislam/.gradle/caches/modules-2/files-2.1/org.springframework.boot/spring-boot-configuration-processor/2.1.1.RELEASE/1b4f9a8aab0bc68648caa0c42ad0806e30ef792c/spring-boot-configuration-processor-2.1.1.RELEASE.jar, file:/Users/sislam/IdeaProjects/cash-lock/lib/securityservice.jar, file:/Users/sislam/.gradle/caches/modules-2/files-2.1/org.spockframework/spock-spring/2.0-M3-groovy-3.0/58dc9c9580034496d59b26a3d9eb07f20196c929/spock-spring-2.0-M3-groovy-3.0.jar, file:/Users/sislam/.gradle/caches/modules-2/files-2.1/org.spockframework/spock-core/1.2-groovy-2.5/8a7cdbd646c4ac6be8d60c8c7a329bbe77441ea2/spock-core-1.2-groovy-2.5.jar, file:/Users/sislam/.gradle/caches/modules-2/files-2.1/org.codehaus.groovy/groovy-test/2.5.4/8e84d6c02c465f9359fabd0279792da6461b7a3/groovy-test-2.5.4.jar, file:/Users/sislam/.gradle/caches/modules-2/files-2.1/junit/junit/4.12/2973d150c0dc1fefe998f834810d68f278ea58ec/junit-4.12.jar, file:/Users/sislam/.gradle/caches/modules-2/files-2.1/org.junit.jupiter/junit-jupiter-params/5.3.2/606c97428ba94d06022cef6d0ae44e1eaff8ca3d/junit-jupiter-params-5.3.2.jar, file:/Users/sislam/.gradle/caches/modules-2/files-2.1/org.codehaus.groovy/groovy-test-junit5/2.5.6/3e45bab2e187d4ce3cf680507d57c5ad834102eb/groovy-test-junit5-2.5.6.jar, file:/Users/sislam/.gradle/caches/modules-2/files-2.1/org.junit.jupiter/junit-jupiter-engine/5.3.2/69350316a14c46d8f6c4c909e469ec9edf58c4f8/junit-jupiter-engine-5.3.2.jar, file:/Users/sislam/.gradle/caches/modules-2/files-2.1/org.junit.jupiter/junit-jupiter-api/5.3.2/3602b523ffae9dabc04c329d73ab39ab04b3cbe2/junit-jupiter-api-5.3.2.jar, file:/Users/sislam/.gradle/caches/modules-2/files-2.1/org.codehaus.groovy/groovy-ant/2.5.4/6e776e0703096c35c343140a0b02af88e41e0e5/groovy-ant-2.5.4.jar, file:/Users/sislam/.gradle/caches/modules-2/files-2.1/org.codehaus.groovy/groovy-cli-commons/2.5.6/8b405518664cdfc254a603002314db202c41d2c5/groovy-cli-commons-2.5.6.jar, file:/Users/sislam/.gradle/caches/modules-2/files-2.1/org.codehaus.groovy/groovy-groovysh/2.5.4/f0588ac48b5afc0f4e1c493c17549f337c344a8d/groovy-groovysh-2.5.4.jar, file:/Users/sislam/.gradle/caches/modules-2/files-2.1/org.codehaus.groovy/groovy-console/2.5.4/eb952d1f3a000dde7e960126ee07ee80b0490ca2/groovy-console-2.5.4.jar, file:/Users/sislam/.gradle/caches/modules-2/files-2.1/org.codehaus.groovy/groovy-groovydoc/2.5.4/c8053bd643f2a018b150362278f2324ec2292769/groovy-groovydoc-2.5.4.jar, file:/Users/sislam/.gradle/caches/modules-2/files-2.1/org.codehaus.groovy/groovy-docgenerator/2.5.4/ae07b7947f49e5387d0a133804a38bf4975cf3e1/groovy-docgenerator-2.5.4.jar, file:/Users/sislam/.gradle/caches/modules-2/files-2.1/org.codehaus.groovy/groovy-cli-picocli/2.5.6/ef8c444340f4f6a45c03cf804d7a21882d85415b/groovy-cli-picocli-2.5.6.jar, file:/Users/sislam/.gradle/caches/modules-2/files-2.1/org.codehaus.groovy/groovy-datetime/2.5.6/e922f49860c90823907e19c2a2e369dadb3b78ab/groovy-datetime-2.5.6.jar, file:/Users/sislam/.gradle/caches/modules-2/files-2.1/org.codehaus.groovy/groovy-jmx/2.5.4/280593ff9bb1666eb3c7365209da1a5329a78d95/groovy-jmx-2.5.4.jar, file:/Users/sislam/.gradle/caches/modules-2/files-2.1/org.codehaus.groovy/groovy-json/2.5.4/1b994708e4c7c9eaec29038cf9d84f318eed1de3/groovy-json-2.5.4.jar, file:/Users/sislam/.gradle/caches/modules-2/files-2.1/org.codehaus.groovy/groovy-jsr223/2.5.4/b92bd7e15a4c3f48521cc99ea782d2fbffd81dff/groovy-jsr223-2.5.4.jar, file:/Users/sislam/.gradle/caches/modules-2/files-2.1/org.codehaus.groovy/groovy-macro/2.5.6/9fc476ed7c23b8341dc65c52e760c44e9bcec67e/groovy-macro-2.5.6.jar, file:/Users/sislam/.gradle/caches/modules-2/files-2.1/org.codehaus.groovy/groovy-nio/2.5.4/47616d5bee4c49e24559561a0700308704634ca3/groovy-nio-2.5.4.jar, file:/Users/sislam/.gradle/caches/modules-2/files-2.1/org.codehaus.groovy/groovy-servlet/2.5.4/4e277ff126c388ad5f71653d5e609e8ab3075f81/groovy-servlet-2.5.4.jar, file:/Users/sislam/.gradle/caches/modules-2/files-2.1/org.codehaus.groovy/groovy-sql/2.5.4/2005b1c9ad89518c647ac0a8ebc42a7177c79ac9/groovy-sql-2.5.4.jar, file:/Users/sislam/.gradle/caches/modules-2/files-2.1/org.codehaus.groovy/groovy-swing/2.5.4/fe3549b48764c92755e67aaa70c492c4312aebf/groovy-swing-2.5.4.jar, file:/Users/sislam/.gradle/caches/modules-2/files-2.1/org.codehaus.groovy/groovy-templates/2.5.4/898aed180580bcec7817c4e90857b0c2a69836ba/groovy-templates-2.5.4.jar, file:/Users/sislam/.gradle/caches/modules-2/files-2.1/org.codehaus.groovy/groovy-testng/2.5.4/353052bd6714402599ec555911e86bcd06eb64ec/groovy-testng-2.5.4.jar, file:/Users/sislam/.gradle/caches/modules-2/files-2.1/org.codehaus.groovy/groovy-xml/2.5.4/3a3b3c5e17e668993de994c8ac446e4251dbcb1/groovy-xml-2.5.4.jar, file:/Users/sislam/.gradle/caches/modules-2/files-2.1/org.codehaus.groovy/groovy/2.5.4/86b94e2949bcff3a13b7ad200e4c5299b52ad994/groovy-2.5.4.jar, file:/Users/sislam/.gradle/caches/modules-2/files-2.1/ch.qos.logback/logback-core/1.2.3/864344400c3d4d92dfeb0a305dc87d953677c03c/logback-core-1.2.3.jar, file:/Users/sislam/.gradle/caches/modules-2/files-2.1/commons-codec/commons-codec/1.11/3acb4705652e16236558f0f4f2192cc33c3bd189/commons-codec-1.11.jar, file:/Users/sislam/.gradle/caches/modules-2/files-2.1/org.apache.commons/commons-collections4/4.4/62ebe7544cb7164d87e0637a2a6a2bdc981395e8/commons-collections4-4.4.jar, file:/Users/sislam/.gradle/caches/modules-2/files-2.1/org.apache.commons/commons-math3/3.6.1/e4ba98f1d4b3c80ec46392f25e094a6a2e58fcbf/commons-math3-3.6.1.jar, file:/Users/sislam/.gradle/caches/modules-2/files-2.1/com.zaxxer/SparseBitSet/1.2/8467c813d442837fcaeddbc42cf5c5359fab4933/SparseBitSet-1.2.jar, file:/Users/sislam/.gradle/caches/modules-2/files-2.1/org.apache.httpcomponents/httpcore/4.4.10/acc54d9b28bdffe4bbde89ed2e4a1e86b5285e2b/httpcore-4.4.10.jar, file:/Users/sislam/.gradle/caches/modules-2/files-2.1/commons-logging/commons-logging/1.2/4bfc12adfe4842bf07b657f0369c4cb522955686/commons-logging-1.2.jar, file:/Users/sislam/.gradle/caches/modules-2/files-2.1/org.springframework/spring-tx/5.1.3.RELEASE/ddce255764fe4211c1b189a55384037132b5afd2/spring-tx-5.1.3.RELEASE.jar, file:/Users/sislam/.gradle/caches/modules-2/files-2.1/org.springframework/spring-webmvc/5.1.3.RELEASE/2ff9c2ddccaafd5b55756ceb4a65f02acb3b847a/spring-webmvc-5.1.3.RELEASE.jar, file:/Users/sislam/.gradle/caches/modules-2/files-2.1/org.springframework/spring-web/5.1.3.RELEASE/c875df33e6c5ac0df53e727a08d42b316e69918b/spring-web-5.1.3.RELEASE.jar, file:/Users/sislam/.gradle/caches/modules-2/files-2.1/org.springframework.boot/spring-boot-actuator-autoconfigure/2.1.1.RELEASE/b1dee8c53471db2b6af1a55c1d8db32b3811ea0d/spring-boot-actuator-autoconfigure-2.1.1.RELEASE.jar, file:/Users/sislam/.gradle/caches/modules-2/files-2.1/org.springframework.boot/spring-boot-test-autoconfigure/2.1.1.RELEASE/2140feb53ecf35dd86f93749817cc064f1d6af74/spring-boot-test-autoconfigure-2.1.1.RELEASE.jar, file:/Users/sislam/.gradle/caches/modules-2/files-2.1/org.springframework.boot/spring-boot-test/2.1.1.RELEASE/df5328719c3eb7b3f305db1e147cc650b9a4829e/spring-boot-test-2.1.1.RELEASE.jar, file:/Users/sislam/.gradle/caches/modules-2/files-2.1/org.springframework.boot/spring-boot-autoconfigure/2.1.1.RELEASE/b8238b78cefe6d964f996599556af9ac8669a83d/spring-boot-autoconfigure-2.1.1.RELEASE.jar, file:/Users/sislam/.gradle/caches/modules-2/files-2.1/org.springframework.boot/spring-boot-actuator/2.1.1.RELEASE/10fc3b2d5b65bb490c0bf96aa2c016c343cd89ac/spring-boot-actuator-2.1.1.RELEASE.jar, file:/Users/sislam/.gradle/caches/modules-2/files-2.1/org.springframework.boot/spring-boot/2.1.1.RELEASE/35a3dd576bc3ad5832d0a7d7242b3b140095727b/spring-boot-2.1.1.RELEASE.jar, file:/Users/sislam/.gradle/caches/modules-2/files-2.1/org.springframework/spring-context/5.1.3.RELEASE/158929623ee0166fa930e88c3e2ca86a887088c0/spring-context-5.1.3.RELEASE.jar, file:/Users/sislam/.gradle/caches/modules-2/files-2.1/org.springframework/spring-aop/5.1.3.RELEASE/c6b69e5c73e17dd15b5a07d96ecfa2d2e7955705/spring-aop-5.1.3.RELEASE.jar, file:/Users/sislam/.gradle/caches/modules-2/files-2.1/org.springframework/spring-beans/5.1.3.RELEASE/9a15a7c84bd12516574bcaf87ffa38c1e65e8a2b/spring-beans-5.1.3.RELEASE.jar, file:/Users/sislam/.gradle/caches/modules-2/files-2.1/org.springframework/spring-test/5.1.3.RELEASE/87e9566e6d80e6b01ca3c84fb5b098e5d8149c6f/spring-test-5.1.3.RELEASE.jar, file:/Users/sislam/.gradle/caches/modules-2/files-2.1/org.springframework/spring-expression/5.1.3.RELEASE/628a471a077ab80f7fd66a5f5e42e2d67e6a9607/spring-expression-5.1.3.RELEASE.jar, file:/Users/sislam/.gradle/caches/modules-2/files-2.1/org.springframework/spring-core/5.1.3.RELEASE/b1e5325d35bfb27e42d57e9295510cad54ed8fdf/spring-core-5.1.3.RELEASE.jar, file:/Users/sislam/.gradle/caches/modules-2/files-2.1/javax.activation/activation/1.1/e6cb541461c2834bdea3eb920f1884d1eb508b50/activation-1.1.jar, file:/Users/sislam/.gradle/caches/modules-2/files-2.1/joda-time/joda-time/2.10.1/9ac3dbf89dbf2ee385185dd0cd3064fe789efee0/joda-time-2.10.1.jar, file:/Users/sislam/.gradle/caches/modules-2/files-2.1/com.fasterxml.jackson.module/jackson-module-kotlin/2.9.7/9ec9b84e8af4c4f31efcbc5c21e34da8021419f1/jackson-module-kotlin-2.9.7.jar, file:/Users/sislam/.gradle/caches/modules-2/files-2.1/com.fasterxml.jackson.datatype/jackson-datatype-jsr310/2.9.7/cbd919f1ce67533e07b98dd493247e8dbabc26b2/jackson-datatype-jsr310-2.9.7.jar, file:/Users/sislam/.gradle/caches/modules-2/files-2.1/com.fasterxml.jackson.datatype/jackson-datatype-jdk8/2.9.7/98d8f190db07f97c64c0ea3af5792f718a6c2cc1/jackson-datatype-jdk8-2.9.7.jar, file:/Users/sislam/.gradle/caches/modules-2/files-2.1/com.fasterxml.jackson.module/jackson-module-parameter-names/2.9.7/f2bdd7696beffa2dbc5dc62cd24c3906a40ffcff/jackson-module-parameter-names-2.9.7.jar, file:/Users/sislam/.gradle/caches/modules-2/files-2.1/com.fasterxml.jackson.core/jackson-databind/2.9.7/e6faad47abd3179666e89068485a1b88a195ceb7/jackson-databind-2.9.7.jar, file:/Users/sislam/.gradle/caches/modules-2/files-2.1/org.jetbrains.kotlin/kotlin-stdlib-jdk8/1.2.71/5470d1f752cd342edb77e1062bac07e838d2cea4/kotlin-stdlib-jdk8-1.2.71.jar, file:/Users/sislam/.gradle/caches/modules-2/files-2.1/org.jetbrains.kotlin/kotlin-reflect/1.2.71/7512db3b3182753bd2e48ce8d345abbadc40fe6b/kotlin-reflect-1.2.71.jar, file:/Users/sislam/.gradle/caches/modules-2/files-2.1/org.hibernate.validator/hibernate-validator/6.0.13.Final/af4232bf90ecd33c71147d67185dbb1cfe8f33df/hibernate-validator-6.0.13.Final.jar, file:/Users/sislam/.gradle/caches/modules-2/files-2.1/javax.validation/validation-api/2.0.1.Final/cb855558e6271b1b32e716d24cb85c7f583ce09e/validation-api-2.0.1.Final.jar, file:/Users/sislam/.gradle/caches/modules-2/files-2.1/io.micrometer/micrometer-core/1.1.1/5f8063266f548b710ce06a090586a625f3d682b9/micrometer-core-1.1.1.jar, file:/Users/sislam/.gradle/caches/modules-2/files-2.1/org.springframework.boot/spring-boot-starter-tomcat/2.1.1.RELEASE/4cbaa992fa5509edc74d9543ab5f8f14e20fb197/spring-boot-starter-tomcat-2.1.1.RELEASE.jar, file:/Users/sislam/.gradle/caches/modules-2/files-2.1/org.hamcrest/hamcrest-library/1.3/4785a3c21320980282f9f33d0d1264a69040538f/hamcrest-library-1.3.jar, file:/Users/sislam/.gradle/caches/modules-2/files-2.1/org.hamcrest/hamcrest-core/1.3/42a25dc3219429f0e5d060061f71acb49bf010a0/hamcrest-core-1.3.jar, file:/Users/sislam/.gradle/caches/modules-2/files-2.1/org.assertj/assertj-core/3.11.1/fdac3217b804d6900fa3650f17b5cb48e620b140/assertj-core-3.11.1.jar, file:/Users/sislam/.gradle/caches/modules-2/files-2.1/org.mockito/mockito-core/2.23.4/a35b6f8ffcfa786771eac7d7d903429e790fdf3f/mockito-core-2.23.4.jar, file:/Users/sislam/.gradle/caches/modules-2/files-2.1/org.skyscreamer/jsonassert/1.5.0/6c9d5fe2f59da598d9aefc1cfc6528ff3cf32df3/jsonassert-1.5.0.jar, file:/Users/sislam/.gradle/caches/modules-2/files-2.1/org.xmlunit/xmlunit-core/2.6.2/b0461888cdd8d3975ea8a57df96520409cadcb6c/xmlunit-core-2.6.2.jar, file:/Users/sislam/.gradle/caches/modules-2/files-2.1/org.junit.platform/junit-platform-launcher/1.3.2/4c503033e9085087cf70d241142068f1e6bd8195/junit-platform-launcher-1.3.2.jar, file:/Users/sislam/.gradle/caches/modules-2/files-2.1/org.junit.platform/junit-platform-engine/1.3.2/c54bc1d4654bd1ef15fccf512ce664184085969/junit-platform-engine-1.3.2.jar, file:/Users/sislam/.gradle/caches/modules-2/files-2.1/org.junit.platform/junit-platform-commons/1.3.2/378d1d1b162426ad031522f6d51e3bf28d1631a4/junit-platform-commons-1.3.2.jar, file:/Users/sislam/.gradle/caches/modules-2/files-2.1/org.apiguardian/apiguardian-api/1.0.0/3ef5276905e36f4d8055fe3cb0bdcc7503ffc85d/apiguardian-api-1.0.0.jar, file:/Users/sislam/.gradle/caches/modules-2/files-2.1/org.opentest4j/opentest4j/1.1.1/efd9f971e91074491ea55b19f67b13470cf4fcdd/opentest4j-1.1.1.jar, file:/Users/sislam/.gradle/caches/modules-2/files-2.1/org.apache.ant/ant-junit/1.9.13/618f3aac074fabfea4712db2635409a592da9ecd/ant-junit-1.9.13.jar, file:/Users/sislam/.gradle/caches/modules-2/files-2.1/org.apache.ant/ant/1.9.13/7aff87f91ffda6916751e39bb5688f0a53710ec4/ant-1.9.13.jar, file:/Users/sislam/.gradle/caches/modules-2/files-2.1/org.apache.ant/ant-launcher/1.9.13/24cf1a899bb4b69373dc4cd000bb52a9f46c459d/ant-launcher-1.9.13.jar, file:/Users/sislam/.gradle/caches/modules-2/files-2.1/org.apache.ant/ant-antlr/1.9.13/d5b701718c6de5620fa78e0aedb64cdcae1336cf/ant-antlr-1.9.13.jar, file:/Users/sislam/.gradle/caches/modules-2/files-2.1/commons-cli/commons-cli/1.4/c51c00206bb913cd8612b24abd9fa98ae89719b1/commons-cli-1.4.jar, file:/Users/sislam/.gradle/caches/modules-2/files-2.1/info.picocli/picocli/3.9.2/60911f3b35e76b442d47e764758f3ecc3aa876c2/picocli-3.9.2.jar, file:/Users/sislam/.gradle/caches/modules-2/files-2.1/com.thoughtworks.qdox/qdox/1.12.1/f7122f6ab1f64bdf9f5970b0e89bfb355e036897/qdox-1.12.1.jar, file:/Users/sislam/.gradle/caches/modules-2/files-2.1/jline/jline/2.14.6/c3aeac59c022bdc497c8c48ed86fa50450e4896a/jline-2.14.6.jar, file:/Users/sislam/.gradle/caches/modules-2/files-2.1/org.testng/testng/6.13.1/2495393a0b4b7d7a4b49ea1f8516376f70f482c/testng-6.13.1.jar, file:/Users/sislam/.gradle/caches/modules-2/files-2.1/org.springframework/spring-jcl/5.1.3.RELEASE/d332735dbc9c3f48cac59fb832c5719eb62bbe4d/spring-jcl-5.1.3.RELEASE.jar, file:/Users/sislam/.gradle/caches/modules-2/files-2.1/com.fasterxml.jackson.core/jackson-annotations/2.9.0/7c10d545325e3a6e72e06381afe469fd40eb701/jackson-annotations-2.9.0.jar, file:/Users/sislam/.gradle/caches/modules-2/files-2.1/com.fasterxml.jackson.core/jackson-core/2.9.7/4b7f0e0dc527fab032e9800ed231080fdc3ac015/jackson-core-2.9.7.jar, file:/Users/sislam/.gradle/caches/modules-2/files-2.1/org.jetbrains.kotlin/kotlin-stdlib-jdk7/1.2.71/4ce93f539e2133f172f1167291a911f83400a5d0/kotlin-stdlib-jdk7-1.2.71.jar, file:/Users/sislam/.gradle/caches/modules-2/files-2.1/org.jetbrains.kotlin/kotlin-stdlib/1.2.71/d9717625bb3c731561251f8dd2c67a1011d6764c/kotlin-stdlib-1.2.71.jar, file:/Users/sislam/.gradle/caches/modules-2/files-2.1/io.swagger/swagger-annotations/1.5.20/16051f93ce11ca489a5313775d825f82fcc2cd6c/swagger-annotations-1.5.20.jar, file:/Users/sislam/.gradle/caches/modules-2/files-2.1/com.google.guava/guava/20.0/89507701249388e1ed5ddcf8c41f4ce1be7831ef/guava-20.0.jar, file:/Users/sislam/.gradle/caches/modules-2/files-2.1/com.fasterxml/classmate/1.4.0/291658ac2ce2476256c7115943652c0accb5c857/classmate-1.4.0.jar, file:/Users/sislam/.gradle/caches/modules-2/files-2.1/org.mapstruct/mapstruct/1.2.0.Final/8609d6eb044e9f6c73cb24c8f2f4ed5c72a249c7/mapstruct-1.2.0.Final.jar, file:/Users/sislam/.gradle/caches/modules-2/files-2.1/io.vavr/vavr/0.9.2/8a1ef529bdae2adcacd82fa0a8d666e76a73b2ac/vavr-0.9.2.jar, file:/Users/sislam/.gradle/caches/modules-2/files-2.1/javax.annotation/javax.annotation-api/1.3.2/934c04d3cfef185a8008e7bf34331b79730a9d43/javax.annotation-api-1.3.2.jar, file:/Users/sislam/.gradle/caches/modules-2/files-2.1/org.yaml/snakeyaml/1.23/ec62d74fe50689c28c0ff5b35d3aebcaa8b5be68/snakeyaml-1.23.jar, file:/Users/sislam/.gradle/caches/modules-2/files-2.1/org.hdrhistogram/HdrHistogram/2.1.9/e4631ce165eb400edecfa32e03d3f1be53dee754/HdrHistogram-2.1.9.jar, file:/Users/sislam/.gradle/caches/modules-2/files-2.1/org.latencyutils/LatencyUtils/2.0.3/769c0b82cb2421c8256300e907298a9410a2a3d3/LatencyUtils-2.0.3.jar, file:/Users/sislam/.gradle/caches/modules-2/files-2.1/org.apache.tomcat.embed/tomcat-embed-websocket/9.0.13/91833d914b210ee93ad20b45e127e7d15268392d/tomcat-embed-websocket-9.0.13.jar, file:/Users/sislam/.gradle/caches/modules-2/files-2.1/org.apache.tomcat.embed/tomcat-embed-core/9.0.13/20c90a060e1e497e0c1398f59c058279a8ae203d/tomcat-embed-core-9.0.13.jar, file:/Users/sislam/.gradle/caches/modules-2/files-2.1/org.apache.tomcat.embed/tomcat-embed-el/9.0.13/5d8b3277df6197cb03233fe407f54012f7166c65/tomcat-embed-el-9.0.13.jar, file:/Users/sislam/.gradle/caches/modules-2/files-2.1/org.jboss.logging/jboss-logging/3.3.2.Final/3789d00e859632e6c6206adc0c71625559e6e3b0/jboss-logging-3.3.2.Final.jar, file:/Users/sislam/.gradle/caches/modules-2/files-2.1/net.minidev/json-smart/2.3/7396407491352ce4fa30de92efb158adb76b5b/json-smart-2.3.jar, file:/Users/sislam/.gradle/caches/modules-2/files-2.1/net.bytebuddy/byte-buddy/1.9.5/38ceb06ae54ba0524d14a85fe84ed03aecef5078/byte-buddy-1.9.5.jar, file:/Users/sislam/.gradle/caches/modules-2/files-2.1/net.bytebuddy/byte-buddy-agent/1.9.5/4fe3cb3ef2837bc6ac5c01ec65b210eb38b94909/byte-buddy-agent-1.9.5.jar, file:/Users/sislam/.gradle/caches/modules-2/files-2.1/org.objenesis/objenesis/2.6/639033469776fd37c08358c6b92a4761feb2af4b/objenesis-2.6.jar, file:/Users/sislam/.gradle/caches/modules-2/files-2.1/com.vaadin.external.google/android-json/0.0.20131108.vaadin1/fa26d351fe62a6a17f5cda1287c1c6110dec413f/android-json-0.0.20131108.vaadin1.jar, file:/Users/sislam/.gradle/caches/modules-2/files-2.1/com.beust/jcommander/1.72/6375e521c1e11d6563d4f25a07ce124ccf8cd171/jcommander-1.72.jar, file:/Users/sislam/.gradle/caches/modules-2/files-2.1/org.jetbrains.kotlin/kotlin-stdlib-common/1.2.71/ba18ca1aa0e40eb6f1865b324af2f4cbb691c1ec/kotlin-stdlib-common-1.2.71.jar, file:/Users/sislam/.gradle/caches/modules-2/files-2.1/org.jetbrains/annotations/13.0/919f0dfe192fb4e063e7dacadee7f8bb9a2672a9/annotations-13.0.jar, file:/Users/sislam/.gradle/caches/modules-2/files-2.1/io.vavr/vavr-match/0.9.2/7249950c1c81250132c767dddbc564ec4593890a/vavr-match-0.9.2.jar, file:/Users/sislam/.gradle/caches/modules-2/files-2.1/net.minidev/accessors-smart/1.2/c592b500269bfde36096641b01238a8350f8aa31/accessors-smart-1.2.jar, file:/Users/sislam/.gradle/caches/modules-2/files-2.1/org.apache.logging.log4j/log4j-api/2.11.1/268f0fe4df3eefe052b57c87ec48517d64fb2a10/log4j-api-2.11.1.jar, file:/Users/sislam/.gradle/caches/modules-2/files-2.1/org.ow2.asm/asm/5.0.4/da08b8cce7bbf903602a25a3a163ae252435795/asm-5.0.4.jar]

  .   ____          _            __ _ _
 /\\ / ___'_ __ _ _(_)_ __  __ _ \ \ \ \
( ( )\___ | '_ | '_| | '_ \/ _` | \ \ \ \
 \\/  ___)| |_)| | | | | || (_| |  ) ) ) )
  '  |____| .__|_| |_|_| |_\__, | / / / /
 =========|_|==============|___/=/_/_/_/
 :: Spring Boot ::        (v2.1.1.RELEASE)

2021-11-08 18:53:51.288 DEBUG 50407 --- [    Test worker] o.s.c.e.PropertySourcesPropertyResolver  : Found key 'spring.application.name' in PropertySource 'configurationProperties' with value of type String
2021-11-08 18:53:51.310  INFO 50407 --- [    Test worker] c.l.a.c.specification.GetCashLockSpec    : Starting GetCashLockSpec on CAN-JLC-ASML7H with PID 50407 (/Users/sislam/IdeaProjects/cash-lock/build/classes/groovy/test started by sislam in /Users/sislam/IdeaProjects/cash-lock)
2021-11-08 18:53:51.310  INFO 50407 --- [    Test worker] c.l.a.c.specification.GetCashLockSpec    : The following profiles are active: int
2021-11-08 18:53:51.310 DEBUG 50407 --- [    Test worker] o.s.boot.SpringApplication               : Loading source class com.loyalty.avenger.cashlock.components.TestApplication
2021-11-08 18:53:51.363 DEBUG 50407 --- [    Test worker] o.s.b.c.c.ConfigFileApplicationListener  : Activated activeProfiles int
2021-11-08 18:53:51.364 DEBUG 50407 --- [    Test worker] o.s.b.c.c.ConfigFileApplicationListener  : Loaded config file 'file:/Users/sislam/IdeaProjects/cash-lock/build/resources/test/application-int.yml' (classpath:/application-int.yml) for profile int
2021-11-08 18:53:51.367 DEBUG 50407 --- [    Test worker] o.s.w.c.s.GenericWebApplicationContext   : Refreshing org.springframework.web.context.support.GenericWebApplicationContext@6143674e
2021-11-08 18:53:51.399 DEBUG 50407 --- [    Test worker] o.s.b.f.s.DefaultListableBeanFactory     : Creating shared instance of singleton bean 'org.springframework.context.annotation.internalConfigurationAnnotationProcessor'
2021-11-08 18:53:51.421 DEBUG 50407 --- [    Test worker] o.s.b.f.s.DefaultListableBeanFactory     : Creating shared instance of singleton bean 'org.springframework.boot.autoconfigure.internalCachingMetadataReaderFactory'
2021-11-08 18:53:51.566 DEBUG 50407 --- [    Test worker] o.s.c.a.ClassPathBeanDefinitionScanner   : Identified candidate component class: file [/Users/sislam/IdeaProjects/cash-lock/build/classes/groovy/main/com/loyalty/avenger/cashlock/components/auth/GetTokenClient.class]
2021-11-08 18:53:51.569 DEBUG 50407 --- [    Test worker] o.s.c.a.ClassPathBeanDefinitionScanner   : Identified candidate component class: file [/Users/sislam/IdeaProjects/cash-lock/build/classes/groovy/main/com/loyalty/avenger/cashlock/components/config/CeloDb.class]
2021-11-08 18:53:51.571 DEBUG 50407 --- [    Test worker] o.s.c.a.ClassPathBeanDefinitionScanner   : Identified candidate component class: file [/Users/sislam/IdeaProjects/cash-lock/build/classes/groovy/main/com/loyalty/avenger/cashlock/components/config/MemberClient.class]
2021-11-08 18:53:51.575 DEBUG 50407 --- [    Test worker] o.s.c.a.ClassPathBeanDefinitionScanner   : Identified candidate component class: file [/Users/sislam/IdeaProjects/cash-lock/build/classes/groovy/main/com/loyalty/avenger/cashlock/components/config/SSLConfig.class]
2021-11-08 18:53:51.576 DEBUG 50407 --- [    Test worker] o.s.c.a.ClassPathBeanDefinitionScanner   : Identified candidate component class: file [/Users/sislam/IdeaProjects/cash-lock/build/classes/groovy/main/com/loyalty/avenger/cashlock/components/config/SecurityServiceClient.class]
2021-11-08 18:53:51.595 DEBUG 50407 --- [    Test worker] o.s.c.a.ClassPathBeanDefinitionScanner   : Identified candidate component class: file [/Users/sislam/IdeaProjects/cash-lock/build/classes/groovy/main/com/loyalty/avenger/cashlock/components/emailclient/MSExchangeEmailService.class]
2021-11-08 18:53:51.614 DEBUG 50407 --- [    Test worker] o.s.c.a.ClassPathBeanDefinitionScanner   : Identified candidate component class: file [/Users/sislam/IdeaProjects/cash-lock/build/classes/groovy/main/com/loyalty/avenger/cashlock/components/repository/CeloRepository.class]
2021-11-08 18:53:51.620 DEBUG 50407 --- [    Test worker] o.s.c.a.ClassPathBeanDefinitionScanner   : Identified candidate component class: file [/Users/sislam/IdeaProjects/cash-lock/build/classes/groovy/main/com/loyalty/avenger/cashlock/components/repository/DynamoDBIntRepository.class]
2021-11-08 18:53:51.622 DEBUG 50407 --- [    Test worker] o.s.c.a.ClassPathBeanDefinitionScanner   : Identified candidate component class: file [/Users/sislam/IdeaProjects/cash-lock/build/classes/groovy/main/com/loyalty/avenger/cashlock/components/repository/DynamoDBRepository.class]
2021-11-08 18:53:51.628 DEBUG 50407 --- [    Test worker] o.s.c.a.ClassPathBeanDefinitionScanner   : Identified candidate component class: file [/Users/sislam/IdeaProjects/cash-lock/build/classes/groovy/main/com/loyalty/avenger/cashlock/components/restclient/getcashlock/GetCashLockClient.class]
2021-11-08 18:53:51.633 DEBUG 50407 --- [    Test worker] o.s.c.a.ClassPathBeanDefinitionScanner   : Identified candidate component class: file [/Users/sislam/IdeaProjects/cash-lock/build/classes/groovy/main/com/loyalty/avenger/cashlock/components/restclient/updatecashlock/UpdateCashLockClient.class]
2021-11-08 18:53:51.650 DEBUG 50407 --- [    Test worker] o.s.c.a.ClassPathBeanDefinitionScanner   : Identified candidate component class: file [/Users/sislam/IdeaProjects/cash-lock/build/classes/groovy/main/com/loyalty/avenger/cashlock/components/validator/AuthValidator.class]
2021-11-08 18:53:51.651 DEBUG 50407 --- [    Test worker] o.s.c.a.ClassPathBeanDefinitionScanner   : Identified candidate component class: file [/Users/sislam/IdeaProjects/cash-lock/build/classes/groovy/main/com/loyalty/avenger/cashlock/components/validator/CashLockValidator.class]
2021-11-08 18:53:51.652 DEBUG 50407 --- [    Test worker] o.s.c.a.ClassPathBeanDefinitionScanner   : Identified candidate component class: file [/Users/sislam/IdeaProjects/cash-lock/build/classes/groovy/main/com/loyalty/avenger/cashlock/components/validator/EnrollTemplateValidator.class]
2021-11-08 18:53:52.030 DEBUG 50407 --- [    Test worker] o.s.c.e.PropertySourcesPropertyResolver  : Found key 'spring.jmx.enabled' in PropertySource 'configurationProperties' with value of type String
2021-11-08 18:53:52.087 DEBUG 50407 --- [    Test worker] o.s.c.e.PropertySourcesPropertyResolver  : Found key 'spring.jmx.enabled' in PropertySource 'configurationProperties' with value of type String
2021-11-08 18:53:52.229 DEBUG 50407 --- [    Test worker] o.s.c.e.PropertySourcesPropertyResolver  : Found key 'server.port' in PropertySource 'configurationProperties' with value of type String
2021-11-08 18:53:52.230 DEBUG 50407 --- [    Test worker] o.s.c.e.PropertySourcesPropertyResolver  : Found key 'server.port' in PropertySource 'configurationProperties' with value of type String
2021-11-08 18:53:52.272 DEBUG 50407 --- [    Test worker] o.s.b.f.s.DefaultListableBeanFactory     : Creating shared instance of singleton bean 'org.springframework.boot.autoconfigure.condition.BeanTypeRegistry'
2021-11-08 18:53:52.812 DEBUG 50407 --- [    Test worker] o.s.c.e.PropertySourcesPropertyResolver  : Found key 'server.port' in PropertySource 'configurationProperties' with value of type String
2021-11-08 18:53:53.252 DEBUG 50407 --- [    Test worker] o.s.b.f.s.DefaultListableBeanFactory     : Creating shared instance of singleton bean 'propertySourcesPlaceholderConfigurer'
2021-11-08 18:53:53.261 DEBUG 50407 --- [    Test worker] o.s.b.f.s.DefaultListableBeanFactory     : Creating shared instance of singleton bean 'org.spockframework.spring.mock.SpockMockPostprocessor'
2021-11-08 18:53:53.270 DEBUG 50407 --- [    Test worker] o.s.b.f.s.DefaultListableBeanFactory     : Creating shared instance of singleton bean 'org.springframework.boot.test.mock.mockito.MockitoPostProcessor'
2021-11-08 18:53:53.306 DEBUG 50407 --- [    Test worker] o.s.b.f.s.DefaultListableBeanFactory     : Creating shared instance of singleton bean 'org.springframework.context.event.internalEventListenerProcessor'
2021-11-08 18:53:53.308 DEBUG 50407 --- [    Test worker] o.s.b.f.s.DefaultListableBeanFactory     : Creating shared instance of singleton bean 'org.springframework.boot.context.properties.ConfigurationBeanFactoryMetadata'
2021-11-08 18:53:53.308 DEBUG 50407 --- [    Test worker] o.s.b.f.s.DefaultListableBeanFactory     : Creating shared instance of singleton bean 'preserveErrorControllerTargetClassPostProcessor'
2021-11-08 18:53:53.310 DEBUG 50407 --- [    Test worker] o.s.b.f.s.DefaultListableBeanFactory     : Creating shared instance of singleton bean 'org.springframework.context.event.internalEventListenerFactory'
2021-11-08 18:53:53.310 DEBUG 50407 --- [    Test worker] o.s.b.f.s.DefaultListableBeanFactory     : Creating shared instance of singleton bean 'org.springframework.transaction.config.internalTransactionalEventListenerFactory'
2021-11-08 18:53:53.317 DEBUG 50407 --- [    Test worker] o.s.b.f.s.DefaultListableBeanFactory     : Creating shared instance of singleton bean 'org.spockframework.spring.mock.SpockMockPostprocessor$SpyPostProcessor'
2021-11-08 18:53:53.319 DEBUG 50407 --- [    Test worker] o.s.b.f.s.DefaultListableBeanFactory     : Creating shared instance of singleton bean 'org.springframework.boot.test.mock.mockito.MockitoPostProcessor$SpyPostProcessor'
2021-11-08 18:53:53.320 DEBUG 50407 --- [    Test worker] o.s.b.f.s.DefaultListableBeanFactory     : Creating shared instance of singleton bean 'org.springframework.context.annotation.internalAutowiredAnnotationProcessor'
2021-11-08 18:53:53.321 DEBUG 50407 --- [    Test worker] o.s.b.f.s.DefaultListableBeanFactory     : Creating shared instance of singleton bean 'org.springframework.context.annotation.internalCommonAnnotationProcessor'
2021-11-08 18:53:53.326 DEBUG 50407 --- [    Test worker] o.s.b.f.s.DefaultListableBeanFactory     : Creating shared instance of singleton bean 'org.springframework.boot.context.properties.ConfigurationPropertiesBindingPostProcessor'
2021-11-08 18:53:53.330 DEBUG 50407 --- [    Test worker] o.s.b.f.s.DefaultListableBeanFactory     : Creating shared instance of singleton bean 'methodValidationPostProcessor'
2021-11-08 18:53:53.348 DEBUG 50407 --- [    Test worker] o.s.b.f.s.DefaultListableBeanFactory     : Autowiring by type from bean name 'methodValidationPostProcessor' via factory method to bean named 'environment'
2021-11-08 18:53:53.370 DEBUG 50407 --- [    Test worker] o.s.b.f.s.DefaultListableBeanFactory     : Creating shared instance of singleton bean 'dataSourceInitializerPostProcessor'
2021-11-08 18:53:53.376 DEBUG 50407 --- [    Test worker] o.s.b.f.s.DefaultListableBeanFactory     : Creating shared instance of singleton bean 'persistenceExceptionTranslationPostProcessor'
2021-11-08 18:53:53.377 DEBUG 50407 --- [    Test worker] o.s.b.f.s.DefaultListableBeanFactory     : Autowiring by type from bean name 'persistenceExceptionTranslationPostProcessor' via factory method to bean named 'environment'
2021-11-08 18:53:53.386 DEBUG 50407 --- [    Test worker] o.s.b.f.s.DefaultListableBeanFactory     : Creating shared instance of singleton bean 'org.springframework.aop.config.internalAutoProxyCreator'
2021-11-08 18:53:53.401 DEBUG 50407 --- [    Test worker] o.s.b.f.s.DefaultListableBeanFactory     : Creating shared instance of singleton bean 'webServerFactoryCustomizerBeanPostProcessor'
2021-11-08 18:53:53.405 DEBUG 50407 --- [    Test worker] o.s.b.f.s.DefaultListableBeanFactory     : Creating shared instance of singleton bean 'errorPageRegistrarBeanPostProcessor'
2021-11-08 18:53:53.409 DEBUG 50407 --- [    Test worker] o.s.b.f.s.DefaultListableBeanFactory     : Creating shared instance of singleton bean 'meterRegistryPostProcessor'
2021-11-08 18:53:53.417 DEBUG 50407 --- [    Test worker] o.s.b.f.s.DefaultListableBeanFactory     : Creating shared instance of singleton bean 'org.springframework.transaction.config.internalTransactionAdvisor'
2021-11-08 18:53:53.417 DEBUG 50407 --- [    Test worker] o.s.b.f.s.DefaultListableBeanFactory     : Creating shared instance of singleton bean 'org.springframework.transaction.annotation.ProxyTransactionManagementConfiguration'
2021-11-08 18:53:53.431  INFO 50407 --- [    Test worker] trationDelegate$BeanPostProcessorChecker : Bean 'org.springframework.transaction.annotation.ProxyTransactionManagementConfiguration' of type [org.springframework.transaction.annotation.ProxyTransactionManagementConfiguration$$EnhancerBySpringCGLIB$$180e2e53] is not eligible for getting processed by all BeanPostProcessors (for example: not eligible for auto-proxying)
2021-11-08 18:53:53.451 DEBUG 50407 --- [    Test worker] o.s.b.f.s.DefaultListableBeanFactory     : Creating shared instance of singleton bean 'transactionAttributeSource'
2021-11-08 18:53:53.458 DEBUG 50407 --- [    Test worker] o.s.b.f.s.DefaultListableBeanFactory     : Creating shared instance of singleton bean 'transactionInterceptor'
2021-11-08 18:53:53.499 DEBUG 50407 --- [    Test worker] o.s.u.c.s.UiApplicationContextUtils      : Unable to locate ThemeSource with name 'themeSource': using default [org.springframework.ui.context.support.ResourceBundleThemeSource@73c9be8]
2021-11-08 18:53:53.503 DEBUG 50407 --- [    Test worker] o.s.b.f.s.DefaultListableBeanFactory     : Creating shared instance of singleton bean 'testApplication'
2021-11-08 18:53:53.522 DEBUG 50407 --- [    Test worker] o.s.b.f.s.DefaultListableBeanFactory     : Creating shared instance of singleton bean 'getTokenClient'
2021-11-08 18:53:53.559 DEBUG 50407 --- [    Test worker] o.s.c.e.PropertySourcesPropertyResolver  : Found key 'loyalty.auth-api.uri' in PropertySource 'configurationProperties' with value of type String
2021-11-08 18:53:53.559 DEBUG 50407 --- [    Test worker] o.s.c.e.PropertySourcesPropertyResolver  : Found key 'loyalty.auth-api.uri' in PropertySource 'environmentProperties' with value of type String
2021-11-08 18:53:53.561 DEBUG 50407 --- [    Test worker] o.s.c.e.PropertySourcesPropertyResolver  : Found key 'loyalty.auth-api.client_id' in PropertySource 'applicationConfig: [classpath:/application-int.yml]' with value of type String
2021-11-08 18:53:53.561 DEBUG 50407 --- [    Test worker] o.s.c.e.PropertySourcesPropertyResolver  : Found key 'loyalty.auth-api.client_id' in PropertySource 'environmentProperties' with value of type String
2021-11-08 18:53:53.562 DEBUG 50407 --- [    Test worker] o.s.c.e.PropertySourcesPropertyResolver  : Found key 'loyalty.auth-api.client_secret' in PropertySource 'applicationConfig: [classpath:/application-int.yml]' with value of type String
2021-11-08 18:53:53.562 DEBUG 50407 --- [    Test worker] o.s.c.e.PropertySourcesPropertyResolver  : Found key 'loyalty.auth-api.client_secret' in PropertySource 'environmentProperties' with value of type String
2021-11-08 18:53:53.563 DEBUG 50407 --- [    Test worker] o.s.c.e.PropertySourcesPropertyResolver  : Found key 'loyalty.auth-api.audience' in PropertySource 'configurationProperties' with value of type String
2021-11-08 18:53:53.564 DEBUG 50407 --- [    Test worker] o.s.c.e.PropertySourcesPropertyResolver  : Found key 'loyalty.auth-api.audience' in PropertySource 'environmentProperties' with value of type String
2021-11-08 18:53:53.569 DEBUG 50407 --- [    Test worker] o.s.b.f.s.DefaultListableBeanFactory     : Creating shared instance of singleton bean 'celoDb'
2021-11-08 18:53:53.582 DEBUG 50407 --- [    Test worker] o.s.c.e.PropertySourcesPropertyResolver  : Found key 'spring.datasource.celo.url' in PropertySource 'configurationProperties' with value of type String
2021-11-08 18:53:53.582 DEBUG 50407 --- [    Test worker] o.s.c.e.PropertySourcesPropertyResolver  : Found key 'spring.datasource.celo.url' in PropertySource 'environmentProperties' with value of type String
2021-11-08 18:53:53.584 DEBUG 50407 --- [    Test worker] o.s.c.e.PropertySourcesPropertyResolver  : Found key 'spring.datasource.celo.username' in PropertySource 'configurationProperties' with value of type String
2021-11-08 18:53:53.584 DEBUG 50407 --- [    Test worker] o.s.c.e.PropertySourcesPropertyResolver  : Found key 'spring.datasource.celo.username' in PropertySource 'environmentProperties' with value of type String
2021-11-08 18:53:53.585 DEBUG 50407 --- [    Test worker] o.s.c.e.PropertySourcesPropertyResolver  : Found key 'spring.datasource.celo.password' in PropertySource 'configurationProperties' with value of type String
2021-11-08 18:53:53.585 DEBUG 50407 --- [    Test worker] o.s.c.e.PropertySourcesPropertyResolver  : Found key 'spring.datasource.celo.password' in PropertySource 'environmentProperties' with value of type String
2021-11-08 18:53:53.587 DEBUG 50407 --- [    Test worker] o.s.b.f.s.DefaultListableBeanFactory     : Creating shared instance of singleton bean 'memberClient'
2021-11-08 18:53:53.608 DEBUG 50407 --- [    Test worker] o.s.c.e.PropertySourcesPropertyResolver  : Found key 'loyalty.celo-member-soap.protocol' in PropertySource 'configurationProperties' with value of type String
2021-11-08 18:53:53.608 DEBUG 50407 --- [    Test worker] o.s.c.e.PropertySourcesPropertyResolver  : Found key 'loyalty.celo-member-soap.protocol' in PropertySource 'environmentProperties' with value of type String
2021-11-08 18:53:53.610 DEBUG 50407 --- [    Test worker] o.s.c.e.PropertySourcesPropertyResolver  : Found key 'loyalty.celo-member-soap.host' in PropertySource 'configurationProperties' with value of type String
2021-11-08 18:53:53.610 DEBUG 50407 --- [    Test worker] o.s.c.e.PropertySourcesPropertyResolver  : Found key 'loyalty.celo-member-soap.host' in PropertySource 'environmentProperties' with value of type String
2021-11-08 18:53:53.610 DEBUG 50407 --- [    Test worker] o.s.c.e.PropertySourcesPropertyResolver  : Found key 'loyalty.celo-member-soap.path' in PropertySource 'configurationProperties' with value of type String
2021-11-08 18:53:53.611 DEBUG 50407 --- [    Test worker] o.s.c.e.PropertySourcesPropertyResolver  : Found key 'loyalty.celo-member-soap.path' in PropertySource 'environmentProperties' with value of type String
2021-11-08 18:53:53.612 DEBUG 50407 --- [    Test worker] o.s.b.f.s.DefaultListableBeanFactory     : Creating shared instance of singleton bean 'SSLConfig'
2021-11-08 18:53:53.821 DEBUG 50407 --- [    Test worker] o.s.b.f.s.DefaultListableBeanFactory     : Creating shared instance of singleton bean 'securityServiceClient'
2021-11-08 18:53:53.838 DEBUG 50407 --- [    Test worker] o.s.c.e.PropertySourcesPropertyResolver  : Found key 'loyalty.security-service-soap.protocol' in PropertySource 'configurationProperties' with value of type String
2021-11-08 18:53:53.838 DEBUG 50407 --- [    Test worker] o.s.c.e.PropertySourcesPropertyResolver  : Found key 'loyalty.security-service-soap.protocol' in PropertySource 'environmentProperties' with value of type String
2021-11-08 18:53:53.840 DEBUG 50407 --- [    Test worker] o.s.c.e.PropertySourcesPropertyResolver  : Found key 'loyalty.security-service-soap.host' in PropertySource 'configurationProperties' with value of type String
2021-11-08 18:53:53.840 DEBUG 50407 --- [    Test worker] o.s.c.e.PropertySourcesPropertyResolver  : Found key 'loyalty.security-service-soap.host' in PropertySource 'environmentProperties' with value of type String
2021-11-08 18:53:53.841 DEBUG 50407 --- [    Test worker] o.s.c.e.PropertySourcesPropertyResolver  : Found key 'loyalty.security-service-soap.path' in PropertySource 'configurationProperties' with value of type String
2021-11-08 18:53:53.841 DEBUG 50407 --- [    Test worker] o.s.c.e.PropertySourcesPropertyResolver  : Found key 'loyalty.security-service-soap.path' in PropertySource 'environmentProperties' with value of type String
2021-11-08 18:53:53.843 DEBUG 50407 --- [    Test worker] o.s.b.f.s.DefaultListableBeanFactory     : Creating shared instance of singleton bean 'celoRepository'
2021-11-08 18:53:53.871 DEBUG 50407 --- [    Test worker] o.s.b.f.s.DefaultListableBeanFactory     : Creating shared instance of singleton bean 'jdbcCelo'
2021-11-08 18:53:53.879 DEBUG 50407 --- [    Test worker] o.s.b.f.s.DefaultListableBeanFactory     : Creating shared instance of singleton bean 'celo'
2021-11-08 18:53:54.104 DEBUG 50407 --- [    Test worker] o.s.b.f.s.DefaultListableBeanFactory     : Creating shared instance of singleton bean 'org.springframework.boot.autoconfigure.jdbc.DataSourceInitializerInvoker'
2021-11-08 18:53:54.108 DEBUG 50407 --- [    Test worker] o.s.b.f.s.DefaultListableBeanFactory     : Creating shared instance of singleton bean 'spring.datasource-org.springframework.boot.autoconfigure.jdbc.DataSourceProperties'
2021-11-08 18:53:54.138 DEBUG 50407 --- [    Test worker] o.s.b.f.s.DefaultListableBeanFactory     : Autowiring by type from bean name 'org.springframework.boot.autoconfigure.jdbc.DataSourceInitializerInvoker' via constructor to bean named 'spring.datasource-org.springframework.boot.autoconfigure.jdbc.DataSourceProperties'
2021-11-08 18:53:54.138 DEBUG 50407 --- [    Test worker] o.s.b.f.s.DefaultListableBeanFactory     : Autowiring by type from bean name 'org.springframework.boot.autoconfigure.jdbc.DataSourceInitializerInvoker' via constructor to bean named 'org.springframework.web.context.support.GenericWebApplicationContext@6143674e'
2021-11-08 18:53:54.236 DEBUG 50407 --- [    Test worker] o.s.b.f.s.DefaultListableBeanFactory     : Creating shared instance of singleton bean 'dynamoDBIntRepository'
2021-11-08 18:53:54.248 DEBUG 50407 --- [    Test worker] o.s.c.e.PropertySourcesPropertyResolver  : Found key 'spring.datasource.dynamo-db.end-to-end' in PropertySource 'configurationProperties' with value of type String
2021-11-08 18:53:54.249 DEBUG 50407 --- [    Test worker] o.s.c.e.PropertySourcesPropertyResolver  : Found key 'spring.datasource.dynamo-db.end-to-end' in PropertySource 'environmentProperties' with value of type String
2021-11-08 18:53:54.250 DEBUG 50407 --- [    Test worker] o.s.c.e.PropertySourcesPropertyResolver  : Found key 'cloud.aws.region.static' in PropertySource 'configurationProperties' with value of type String
2021-11-08 18:53:54.250 DEBUG 50407 --- [    Test worker] o.s.c.e.PropertySourcesPropertyResolver  : Found key 'cloud.aws.region.static' in PropertySource 'environmentProperties' with value of type String
2021-11-08 18:53:54.260 DEBUG 50407 --- [    Test worker] o.s.b.f.s.DefaultListableBeanFactory     : Creating shared instance of singleton bean 'dynamoDBRepository'
2021-11-08 18:53:54.267 DEBUG 50407 --- [    Test worker] o.s.c.e.PropertySourcesPropertyResolver  : Found key 'spring.datasource.dynamo-db.email-verification' in PropertySource 'configurationProperties' with value of type String
2021-11-08 18:53:54.267 DEBUG 50407 --- [    Test worker] o.s.c.e.PropertySourcesPropertyResolver  : Found key 'spring.datasource.dynamo-db.email-verification' in PropertySource 'environmentProperties' with value of type String
2021-11-08 18:53:54.268 DEBUG 50407 --- [    Test worker] o.s.c.e.PropertySourcesPropertyResolver  : Found key 'cloud.aws.region.static' in PropertySource 'configurationProperties' with value of type String
2021-11-08 18:53:54.268 DEBUG 50407 --- [    Test worker] o.s.c.e.PropertySourcesPropertyResolver  : Found key 'cloud.aws.region.static' in PropertySource 'environmentProperties' with value of type String
2021-11-08 18:53:54.276 DEBUG 50407 --- [    Test worker] o.s.b.f.s.DefaultListableBeanFactory     : Creating shared instance of singleton bean 'getCashLockClient'
2021-11-08 18:53:54.289 DEBUG 50407 --- [    Test worker] o.s.c.e.PropertySourcesPropertyResolver  : Found key 'loyalty.cashlock-api.uri' in PropertySource 'configurationProperties' with value of type String
2021-11-08 18:53:54.289 DEBUG 50407 --- [    Test worker] o.s.c.e.PropertySourcesPropertyResolver  : Found key 'loyalty.cashlock-api.uri' in PropertySource 'environmentProperties' with value of type String
2021-11-08 18:53:54.290 DEBUG 50407 --- [    Test worker] o.s.c.e.PropertySourcesPropertyResolver  : Found key 'loyalty.cashlock-api.path' in PropertySource 'configurationProperties' with value of type String
2021-11-08 18:53:54.290 DEBUG 50407 --- [    Test worker] o.s.c.e.PropertySourcesPropertyResolver  : Found key 'loyalty.cashlock-api.path' in PropertySource 'environmentProperties' with value of type String
2021-11-08 18:53:54.292 DEBUG 50407 --- [    Test worker] o.s.b.f.s.DefaultListableBeanFactory     : Creating shared instance of singleton bean 'updateCashLockClient'
2021-11-08 18:53:54.303 DEBUG 50407 --- [    Test worker] o.s.c.e.PropertySourcesPropertyResolver  : Found key 'loyalty.cashlock-api.uri' in PropertySource 'configurationProperties' with value of type String
2021-11-08 18:53:54.303 DEBUG 50407 --- [    Test worker] o.s.c.e.PropertySourcesPropertyResolver  : Found key 'loyalty.cashlock-api.uri' in PropertySource 'environmentProperties' with value of type String
2021-11-08 18:53:54.304 DEBUG 50407 --- [    Test worker] o.s.c.e.PropertySourcesPropertyResolver  : Found key 'loyalty.cashlock-api.put_request' in PropertySource 'applicationConfig: [classpath:/application-int.yml]' with value of type String
2021-11-08 18:53:54.304 DEBUG 50407 --- [    Test worker] o.s.c.e.PropertySourcesPropertyResolver  : Found key 'loyalty.cashlock-api.put_request' in PropertySource 'environmentProperties' with value of type String
2021-11-08 18:53:54.305 DEBUG 50407 --- [    Test worker] o.s.b.f.s.DefaultListableBeanFactory     : Creating shared instance of singleton bean 'memberService'
2021-11-08 18:53:55.161 DEBUG 50407 --- [    Test worker] o.s.b.f.s.DefaultListableBeanFactory     : Creating shared instance of singleton bean 'securityService'
2021-11-08 18:53:55.369 DEBUG 50407 --- [    Test worker] o.s.b.f.s.DefaultListableBeanFactory     : Creating shared instance of singleton bean 'org.springframework.boot.autoconfigure.AutoConfigurationPackages'
2021-11-08 18:53:55.373 DEBUG 50407 --- [    Test worker] o.s.b.f.s.DefaultListableBeanFactory     : Creating shared instance of singleton bean 'org.springframework.boot.autoconfigure.context.PropertyPlaceholderAutoConfiguration'
2021-11-08 18:53:55.378 DEBUG 50407 --- [    Test worker] o.s.b.f.s.DefaultListableBeanFactory     : Creating shared instance of singleton bean 'org.springframework.boot.autoconfigure.websocket.servlet.WebSocketServletAutoConfiguration$TomcatWebSocketConfiguration'
2021-11-08 18:53:55.382 DEBUG 50407 --- [    Test worker] o.s.b.f.s.DefaultListableBeanFactory     : Creating shared instance of singleton bean 'websocketServletWebServerCustomizer'
2021-11-08 18:53:55.389 DEBUG 50407 --- [    Test worker] o.s.b.f.s.DefaultListableBeanFactory     : Creating shared instance of singleton bean 'org.springframework.boot.autoconfigure.websocket.servlet.WebSocketServletAutoConfiguration'
2021-11-08 18:53:55.396 DEBUG 50407 --- [    Test worker] o.s.b.f.s.DefaultListableBeanFactory     : Creating shared instance of singleton bean 'org.springframework.boot.autoconfigure.web.servlet.ServletWebServerFactoryConfiguration$EmbeddedTomcat'
2021-11-08 18:53:55.402 DEBUG 50407 --- [    Test worker] o.s.b.f.s.DefaultListableBeanFactory     : Creating shared instance of singleton bean 'tomcatServletWebServerFactory'
2021-11-08 18:53:55.459 DEBUG 50407 --- [    Test worker] o.s.b.f.s.DefaultListableBeanFactory     : Creating shared instance of singleton bean 'servletWebServerFactoryCustomizer'
2021-11-08 18:53:55.459 DEBUG 50407 --- [    Test worker] o.s.b.f.s.DefaultListableBeanFactory     : Creating shared instance of singleton bean 'org.springframework.boot.autoconfigure.web.servlet.ServletWebServerFactoryAutoConfiguration'
2021-11-08 18:53:55.467 DEBUG 50407 --- [    Test worker] o.s.b.f.s.DefaultListableBeanFactory     : Creating shared instance of singleton bean 'server-org.springframework.boot.autoconfigure.web.ServerProperties'
2021-11-08 18:53:55.484 DEBUG 50407 --- [    Test worker] o.s.b.f.s.DefaultListableBeanFactory     : Autowiring by type from bean name 'servletWebServerFactoryCustomizer' via factory method to bean named 'server-org.springframework.boot.autoconfigure.web.ServerProperties'
2021-11-08 18:53:55.492 DEBUG 50407 --- [    Test worker] o.s.b.f.s.DefaultListableBeanFactory     : Creating shared instance of singleton bean 'tomcatServletWebServerFactoryCustomizer'
2021-11-08 18:53:55.493 DEBUG 50407 --- [    Test worker] o.s.b.f.s.DefaultListableBeanFactory     : Autowiring by type from bean name 'tomcatServletWebServerFactoryCustomizer' via factory method to bean named 'server-org.springframework.boot.autoconfigure.web.ServerProperties'
2021-11-08 18:53:55.498 DEBUG 50407 --- [    Test worker] o.s.b.f.s.DefaultListableBeanFactory     : Creating shared instance of singleton bean 'tomcatWebServerFactoryCustomizer'
2021-11-08 18:53:55.498 DEBUG 50407 --- [    Test worker] o.s.b.f.s.DefaultListableBeanFactory     : Creating shared instance of singleton bean 'org.springframework.boot.autoconfigure.web.embedded.EmbeddedWebServerFactoryCustomizerAutoConfiguration$TomcatWebServerFactoryCustomizerConfiguration'
2021-11-08 18:53:55.504 DEBUG 50407 --- [    Test worker] o.s.b.f.s.DefaultListableBeanFactory     : Autowiring by type from bean name 'tomcatWebServerFactoryCustomizer' via factory method to bean named 'environment'
2021-11-08 18:53:55.504 DEBUG 50407 --- [    Test worker] o.s.b.f.s.DefaultListableBeanFactory     : Autowiring by type from bean name 'tomcatWebServerFactoryCustomizer' via factory method to bean named 'server-org.springframework.boot.autoconfigure.web.ServerProperties'
2021-11-08 18:53:55.536 DEBUG 50407 --- [    Test worker] o.s.b.f.s.DefaultListableBeanFactory     : Creating shared instance of singleton bean 'localeCharsetMappingsCustomizer'
2021-11-08 18:53:55.537 DEBUG 50407 --- [    Test worker] o.s.b.f.s.DefaultListableBeanFactory     : Creating shared instance of singleton bean 'org.springframework.boot.autoconfigure.web.servlet.HttpEncodingAutoConfiguration'
2021-11-08 18:53:55.537 DEBUG 50407 --- [    Test worker] ocalVariableTableParameterNameDiscoverer : Cannot find '.class' file for class [class org.springframework.boot.autoconfigure.web.servlet.HttpEncodingAutoConfiguration$$EnhancerBySpringCGLIB$$eb62e4f5] - unable to determine constructor/method parameter names
2021-11-08 18:53:55.539 DEBUG 50407 --- [    Test worker] o.s.b.f.s.DefaultListableBeanFactory     : Creating shared instance of singleton bean 'spring.http-org.springframework.boot.autoconfigure.http.HttpProperties'
2021-11-08 18:53:55.542 DEBUG 50407 --- [    Test worker] o.s.b.f.s.DefaultListableBeanFactory     : Autowiring by type from bean name 'org.springframework.boot.autoconfigure.web.servlet.HttpEncodingAutoConfiguration' via constructor to bean named 'spring.http-org.springframework.boot.autoconfigure.http.HttpProperties'
2021-11-08 18:53:55.607 DEBUG 50407 --- [    Test worker] o.s.b.f.s.DefaultListableBeanFactory     : Creating shared instance of singleton bean 'errorPageCustomizer'
2021-11-08 18:53:55.607 DEBUG 50407 --- [    Test worker] o.s.b.f.s.DefaultListableBeanFactory     : Creating shared instance of singleton bean 'org.springframework.boot.autoconfigure.web.servlet.error.ErrorMvcAutoConfiguration'
2021-11-08 18:53:55.608 DEBUG 50407 --- [    Test worker] ocalVariableTableParameterNameDiscoverer : Cannot find '.class' file for class [class org.springframework.boot.autoconfigure.web.servlet.error.ErrorMvcAutoConfiguration$$EnhancerBySpringCGLIB$$43ba33d8] - unable to determine constructor/method parameter names
2021-11-08 18:53:55.610 DEBUG 50407 --- [    Test worker] o.s.b.f.s.DefaultListableBeanFactory     : Creating shared instance of singleton bean 'dispatcherServletRegistration'
2021-11-08 18:53:55.610 DEBUG 50407 --- [    Test worker] o.s.b.f.s.DefaultListableBeanFactory     : Creating shared instance of singleton bean 'org.springframework.boot.autoconfigure.web.servlet.DispatcherServletAutoConfiguration$DispatcherServletRegistrationConfiguration'
2021-11-08 18:53:55.611 DEBUG 50407 --- [    Test worker] ocalVariableTableParameterNameDiscoverer : Cannot find '.class' file for class [class org.springframework.boot.autoconfigure.web.servlet.DispatcherServletAutoConfiguration$DispatcherServletRegistrationConfiguration$$EnhancerBySpringCGLIB$$ca1552c3] - unable to determine constructor/method parameter names
2021-11-08 18:53:55.613 DEBUG 50407 --- [    Test worker] o.s.b.f.s.DefaultListableBeanFactory     : Creating shared instance of singleton bean 'spring.mvc-org.springframework.boot.autoconfigure.web.servlet.WebMvcProperties'
2021-11-08 18:53:55.616 DEBUG 50407 --- [    Test worker] o.s.b.f.s.DefaultListableBeanFactory     : Autowiring by type from bean name 'org.springframework.boot.autoconfigure.web.servlet.DispatcherServletAutoConfiguration$DispatcherServletRegistrationConfiguration' via constructor to bean named 'spring.mvc-org.springframework.boot.autoconfigure.web.servlet.WebMvcProperties'
2021-11-08 18:53:55.618 DEBUG 50407 --- [    Test worker] o.s.b.f.s.DefaultListableBeanFactory     : Creating shared instance of singleton bean 'multipartConfigElement'
2021-11-08 18:53:55.618 DEBUG 50407 --- [    Test worker] o.s.b.f.s.DefaultListableBeanFactory     : Creating shared instance of singleton bean 'org.springframework.boot.autoconfigure.web.servlet.MultipartAutoConfiguration'
2021-11-08 18:53:55.619 DEBUG 50407 --- [    Test worker] ocalVariableTableParameterNameDiscoverer : Cannot find '.class' file for class [class org.springframework.boot.autoconfigure.web.servlet.MultipartAutoConfiguration$$EnhancerBySpringCGLIB$$5a536d02] - unable to determine constructor/method parameter names
2021-11-08 18:53:55.621 DEBUG 50407 --- [    Test worker] o.s.b.f.s.DefaultListableBeanFactory     : Creating shared instance of singleton bean 'spring.servlet.multipart-org.springframework.boot.autoconfigure.web.servlet.MultipartProperties'
2021-11-08 18:53:55.626 DEBUG 50407 --- [    Test worker] o.s.b.f.s.DefaultListableBeanFactory     : Autowiring by type from bean name 'org.springframework.boot.autoconfigure.web.servlet.MultipartAutoConfiguration' via constructor to bean named 'spring.servlet.multipart-org.springframework.boot.autoconfigure.web.servlet.MultipartProperties'
2021-11-08 18:53:55.646 DEBUG 50407 --- [    Test worker] o.s.b.f.s.DefaultListableBeanFactory     : Creating shared instance of singleton bean 'dispatcherServlet'
2021-11-08 18:53:55.646 DEBUG 50407 --- [    Test worker] o.s.b.f.s.DefaultListableBeanFactory     : Creating shared instance of singleton bean 'org.springframework.boot.autoconfigure.web.servlet.DispatcherServletAutoConfiguration$DispatcherServletConfiguration'
2021-11-08 18:53:55.647 DEBUG 50407 --- [    Test worker] ocalVariableTableParameterNameDiscoverer : Cannot find '.class' file for class [class org.springframework.boot.autoconfigure.web.servlet.DispatcherServletAutoConfiguration$DispatcherServletConfiguration$$EnhancerBySpringCGLIB$$680dbe1c] - unable to determine constructor/method parameter names
2021-11-08 18:53:55.647 DEBUG 50407 --- [    Test worker] o.s.b.f.s.DefaultListableBeanFactory     : Autowiring by type from bean name 'org.springframework.boot.autoconfigure.web.servlet.DispatcherServletAutoConfiguration$DispatcherServletConfiguration' via constructor to bean named 'spring.http-org.springframework.boot.autoconfigure.http.HttpProperties'
2021-11-08 18:53:55.647 DEBUG 50407 --- [    Test worker] o.s.b.f.s.DefaultListableBeanFactory     : Autowiring by type from bean name 'org.springframework.boot.autoconfigure.web.servlet.DispatcherServletAutoConfiguration$DispatcherServletConfiguration' via constructor to bean named 'spring.mvc-org.springframework.boot.autoconfigure.web.servlet.WebMvcProperties'
2021-11-08 18:53:55.686 DEBUG 50407 --- [    Test worker] o.s.b.f.s.DefaultListableBeanFactory     : Autowiring by type from bean name 'dispatcherServletRegistration' via factory method to bean named 'dispatcherServlet'
2021-11-08 18:53:55.703 DEBUG 50407 --- [    Test worker] o.s.b.f.s.DefaultListableBeanFactory     : Autowiring by type from bean name 'org.springframework.boot.autoconfigure.web.servlet.error.ErrorMvcAutoConfiguration' via constructor to bean named 'server-org.springframework.boot.autoconfigure.web.ServerProperties'
2021-11-08 18:53:55.704 DEBUG 50407 --- [    Test worker] o.s.b.f.s.DefaultListableBeanFactory     : Autowiring by type from bean name 'org.springframework.boot.autoconfigure.web.servlet.error.ErrorMvcAutoConfiguration' via constructor to bean named 'dispatcherServletRegistration'
2021-11-08 18:53:55.706 DEBUG 50407 --- [    Test worker] o.s.b.f.s.DefaultListableBeanFactory     : Creating shared instance of singleton bean 'conventionErrorViewResolver'
2021-11-08 18:53:55.707 DEBUG 50407 --- [    Test worker] o.s.b.f.s.DefaultListableBeanFactory     : Creating shared instance of singleton bean 'org.springframework.boot.autoconfigure.web.servlet.error.ErrorMvcAutoConfiguration$DefaultErrorViewResolverConfiguration'
2021-11-08 18:53:55.708 DEBUG 50407 --- [    Test worker] ocalVariableTableParameterNameDiscoverer : Cannot find '.class' file for class [class org.springframework.boot.autoconfigure.web.servlet.error.ErrorMvcAutoConfiguration$DefaultErrorViewResolverConfiguration$$EnhancerBySpringCGLIB$$584f0878] - unable to determine constructor/method parameter names
2021-11-08 18:53:55.711 DEBUG 50407 --- [    Test worker] o.s.b.f.s.DefaultListableBeanFactory     : Creating shared instance of singleton bean 'spring.resources-org.springframework.boot.autoconfigure.web.ResourceProperties'
2021-11-08 18:53:55.726 DEBUG 50407 --- [    Test worker] o.s.b.f.s.DefaultListableBeanFactory     : Autowiring by type from bean name 'org.springframework.boot.autoconfigure.web.servlet.error.ErrorMvcAutoConfiguration$DefaultErrorViewResolverConfiguration' via constructor to bean named 'org.springframework.web.context.support.GenericWebApplicationContext@6143674e'
2021-11-08 18:53:55.726 DEBUG 50407 --- [    Test worker] o.s.b.f.s.DefaultListableBeanFactory     : Autowiring by type from bean name 'org.springframework.boot.autoconfigure.web.servlet.error.ErrorMvcAutoConfiguration$DefaultErrorViewResolverConfiguration' via constructor to bean named 'spring.resources-org.springframework.boot.autoconfigure.web.ResourceProperties'
2021-11-08 18:53:55.772 DEBUG 50407 --- [    Test worker] o.s.b.f.s.DefaultListableBeanFactory     : Creating shared instance of singleton bean 'org.springframework.boot.autoconfigure.web.servlet.DispatcherServletAutoConfiguration'
2021-11-08 18:53:55.783 DEBUG 50407 --- [    Test worker] o.s.b.f.s.DefaultListableBeanFactory     : Creating shared instance of singleton bean 'org.springframework.boot.autoconfigure.task.TaskExecutionAutoConfiguration'
2021-11-08 18:53:55.785 DEBUG 50407 --- [    Test worker] ocalVariableTableParameterNameDiscoverer : Cannot find '.class' file for class [class org.springframework.boot.autoconfigure.task.TaskExecutionAutoConfiguration$$EnhancerBySpringCGLIB$$a3adc729] - unable to determine constructor/method parameter names
2021-11-08 18:53:55.790 DEBUG 50407 --- [    Test worker] o.s.b.f.s.DefaultListableBeanFactory     : Creating shared instance of singleton bean 'spring.task.execution-org.springframework.boot.autoconfigure.task.TaskExecutionProperties'
2021-11-08 18:53:55.793 DEBUG 50407 --- [    Test worker] o.s.b.f.s.DefaultListableBeanFactory     : Autowiring by type from bean name 'org.springframework.boot.autoconfigure.task.TaskExecutionAutoConfiguration' via constructor to bean named 'spring.task.execution-org.springframework.boot.autoconfigure.task.TaskExecutionProperties'
2021-11-08 18:53:55.805 DEBUG 50407 --- [    Test worker] o.s.b.f.s.DefaultListableBeanFactory     : Creating shared instance of singleton bean 'taskExecutorBuilder'
2021-11-08 18:53:55.820 DEBUG 50407 --- [    Test worker] o.s.b.f.s.DefaultListableBeanFactory     : Creating shared instance of singleton bean 'org.springframework.boot.autoconfigure.validation.ValidationAutoConfiguration'
2021-11-08 18:53:55.826 DEBUG 50407 --- [    Test worker] o.s.b.f.s.DefaultListableBeanFactory     : Creating shared instance of singleton bean 'defaultValidator'
2021-11-08 18:53:55.861 DEBUG 50407 --- [    Test worker] o.s.b.f.s.DefaultListableBeanFactory     : Creating shared instance of singleton bean 'org.springframework.boot.autoconfigure.web.servlet.error.ErrorMvcAutoConfiguration$WhitelabelErrorViewConfiguration'
2021-11-08 18:53:55.868 DEBUG 50407 --- [    Test worker] o.s.b.f.s.DefaultListableBeanFactory     : Creating shared instance of singleton bean 'error'
2021-11-08 18:53:55.874 DEBUG 50407 --- [    Test worker] o.s.b.f.s.DefaultListableBeanFactory     : Creating shared instance of singleton bean 'beanNameViewResolver'
2021-11-08 18:53:55.886 DEBUG 50407 --- [    Test worker] o.s.b.f.s.DefaultListableBeanFactory     : Creating shared instance of singleton bean 'errorAttributes'
2021-11-08 18:53:55.900 DEBUG 50407 --- [    Test worker] o.s.b.f.s.DefaultListableBeanFactory     : Creating shared instance of singleton bean 'basicErrorController'
2021-11-08 18:53:55.902 DEBUG 50407 --- [    Test worker] o.s.b.f.s.DefaultListableBeanFactory     : Autowiring by type from bean name 'basicErrorController' via factory method to bean named 'errorAttributes'
2021-11-08 18:53:55.918 DEBUG 50407 --- [    Test worker] o.s.b.f.s.DefaultListableBeanFactory     : Creating shared instance of singleton bean 'org.springframework.boot.autoconfigure.web.servlet.WebMvcAutoConfiguration$WebMvcAutoConfigurationAdapter$FaviconConfiguration'
2021-11-08 18:53:55.919 DEBUG 50407 --- [    Test worker] ocalVariableTableParameterNameDiscoverer : Cannot find '.class' file for class [class org.springframework.boot.autoconfigure.web.servlet.WebMvcAutoConfiguration$WebMvcAutoConfigurationAdapter$FaviconConfiguration$$EnhancerBySpringCGLIB$$e13c51fe] - unable to determine constructor/method parameter names
2021-11-08 18:53:55.920 DEBUG 50407 --- [    Test worker] o.s.b.f.s.DefaultListableBeanFactory     : Autowiring by type from bean name 'org.springframework.boot.autoconfigure.web.servlet.WebMvcAutoConfiguration$WebMvcAutoConfigurationAdapter$FaviconConfiguration' via constructor to bean named 'spring.resources-org.springframework.boot.autoconfigure.web.ResourceProperties'
2021-11-08 18:53:55.927 DEBUG 50407 --- [    Test worker] o.s.b.f.s.DefaultListableBeanFactory     : Creating shared instance of singleton bean 'faviconHandlerMapping'
2021-11-08 18:53:55.939 DEBUG 50407 --- [    Test worker] o.s.b.f.s.DefaultListableBeanFactory     : Creating shared instance of singleton bean 'faviconRequestHandler'
2021-11-08 18:53:55.975 DEBUG 50407 --- [    Test worker] o.s.w.s.handler.SimpleUrlHandlerMapping  : Patterns [/**/favicon.ico] in 'faviconHandlerMapping'
2021-11-08 18:53:55.977 DEBUG 50407 --- [    Test worker] o.s.b.f.s.DefaultListableBeanFactory     : Creating shared instance of singleton bean 'org.springframework.boot.autoconfigure.web.servlet.WebMvcAutoConfiguration$EnableWebMvcConfiguration'
2021-11-08 18:53:55.977 DEBUG 50407 --- [    Test worker] ocalVariableTableParameterNameDiscoverer : Cannot find '.class' file for class [class org.springframework.boot.autoconfigure.web.servlet.WebMvcAutoConfiguration$EnableWebMvcConfiguration$$EnhancerBySpringCGLIB$$82fb7ed3] - unable to determine constructor/method parameter names
2021-11-08 18:53:55.980 DEBUG 50407 --- [    Test worker] o.s.b.f.s.DefaultListableBeanFactory     : Autowiring by type from bean name 'org.springframework.boot.autoconfigure.web.servlet.WebMvcAutoConfiguration$EnableWebMvcConfiguration' via constructor to bean named 'org.springframework.beans.factory.support.DefaultListableBeanFactory@7891377f'
2021-11-08 18:53:55.990 DEBUG 50407 --- [    Test worker] o.s.b.f.s.DefaultListableBeanFactory     : Creating shared instance of singleton bean 'org.springframework.boot.autoconfigure.web.servlet.WebMvcAutoConfiguration$WebMvcAutoConfigurationAdapter'
2021-11-08 18:53:55.991 DEBUG 50407 --- [    Test worker] ocalVariableTableParameterNameDiscoverer : Cannot find '.class' file for class [class org.springframework.boot.autoconfigure.web.servlet.WebMvcAutoConfiguration$WebMvcAutoConfigurationAdapter$$EnhancerBySpringCGLIB$$24ff49b8] - unable to determine constructor/method parameter names
2021-11-08 18:53:55.991 DEBUG 50407 --- [    Test worker] o.s.b.f.s.DefaultListableBeanFactory     : Autowiring by type from bean name 'org.springframework.boot.autoconfigure.web.servlet.WebMvcAutoConfiguration$WebMvcAutoConfigurationAdapter' via constructor to bean named 'spring.resources-org.springframework.boot.autoconfigure.web.ResourceProperties'
2021-11-08 18:53:55.992 DEBUG 50407 --- [    Test worker] o.s.b.f.s.DefaultListableBeanFactory     : Autowiring by type from bean name 'org.springframework.boot.autoconfigure.web.servlet.WebMvcAutoConfiguration$WebMvcAutoConfigurationAdapter' via constructor to bean named 'spring.mvc-org.springframework.boot.autoconfigure.web.servlet.WebMvcProperties'
2021-11-08 18:53:55.992 DEBUG 50407 --- [    Test worker] o.s.b.f.s.DefaultListableBeanFactory     : Autowiring by type from bean name 'org.springframework.boot.autoconfigure.web.servlet.WebMvcAutoConfiguration$WebMvcAutoConfigurationAdapter' via constructor to bean named 'org.springframework.beans.factory.support.DefaultListableBeanFactory@7891377f'
2021-11-08 18:53:56.005 DEBUG 50407 --- [    Test worker] o.s.b.f.s.DefaultListableBeanFactory     : Creating shared instance of singleton bean 'metricsWebMvcConfigurer'
2021-11-08 18:53:56.005 DEBUG 50407 --- [    Test worker] o.s.b.f.s.DefaultListableBeanFactory     : Creating shared instance of singleton bean 'org.springframework.boot.actuate.autoconfigure.metrics.web.servlet.WebMvcMetricsAutoConfiguration'
2021-11-08 18:53:56.006 DEBUG 50407 --- [    Test worker] ocalVariableTableParameterNameDiscoverer : Cannot find '.class' file for class [class org.springframework.boot.actuate.autoconfigure.metrics.web.servlet.WebMvcMetricsAutoConfiguration$$EnhancerBySpringCGLIB$$2bafe7fb] - unable to determine constructor/method parameter names
2021-11-08 18:53:56.007 DEBUG 50407 --- [    Test worker] o.s.b.f.s.DefaultListableBeanFactory     : Creating shared instance of singleton bean 'management.metrics-org.springframework.boot.actuate.autoconfigure.metrics.MetricsProperties'
[...]
2021-11-08 18:53:58.970 DEBUG 50407 --- [    Test worker] org.springframework.test.context.cache   : Spring test ApplicationContext cache statistics: [DefaultContextCache@33b2bf05 size = 1, maxSize = 32, parentContextCount = 0, hitCount = 3, missCount = 1]
2021-11-08 18:53:59.501 DEBUG 50407 --- [    Test worker] c.DefaultCacheAwareContextLoaderDelegate : Retrieved ApplicationContext from cache with key [[WebMergedContextConfiguration@e9d5a65 testClass = GetCashLockSpec, locations = '{}', classes = '{class com.loyalty.avenger.cashlock.components.TestApplication, class com.loyalty.avenger.cashlock.components.TestApplication}', contextInitializerClasses = '[]', activeProfiles = '{int}', propertySourceLocations = '{}', propertySourceProperties = '{org.springframework.boot.test.context.SpringBootTestContextBootstrapper=true}', contextCustomizers = set[org.spockframework.spring.mock.SpockContextCustomizer@0, org.springframework.boot.test.autoconfigure.properties.PropertyMappingContextCustomizer@0, org.springframework.boot.test.autoconfigure.web.servlet.WebDriverContextCustomizerFactory$Customizer@6ccd80ba, org.springframework.boot.test.context.filter.ExcludeFilterContextCustomizer@4bb1da12, org.springframework.boot.test.json.DuplicateJsonObjectContextCustomizerFactory$DuplicateJsonObjectContextCustomizer@49060e8f, org.springframework.boot.test.mock.mockito.MockitoContextCustomizer@0, org.springframework.boot.test.web.client.TestRestTemplateContextCustomizer@448f8b23], resourceBasePath = 'src/main/webapp', contextLoader = 'org.springframework.boot.test.context.SpringBootContextLoader', parent = [null]]]
2021-11-08 18:53:59.501 DEBUG 50407 --- [    Test worker] org.springframework.test.context.cache   : Spring test ApplicationContext cache statistics: [DefaultContextCache@33b2bf05 size = 1, maxSize = 32, parentContextCount = 0, hitCount = 4, missCount = 1]
2021-11-08 18:53:59.565 DEBUG 50407 --- [    Test worker] o.s.jdbc.core.JdbcTemplate               : Executing SQL query [select mem.member_id
from cpm.cpm_member mem
join cpm.cpm_customer cu
on mem.customer_id = cu.customer_id
JOIN CPM.cpm_member_card mc
ON mc.member_id=mem.member_id
join cpm.cpm_mbr_earning_pref mep
on mep.member_id = mem.member_id
join cpm.cpm_mbr_opt_in_pref f
on f.member_id = mem.member_id
and mem.`status` = 31
and mem.is_ghost = '0' 
and f.category = 4 
and f.sub_category = 36 
and mem.test_member = 0
and mep.earning_ratio != 100
and mem.membership_type != 829
and mem.member_id < 90000000000
and cu.email not in ('abc@abc.com', 'test@test.com', 'hellothere@gmail.com', 'CoUZM@gmai', 'CoUZM@gmail.com', 'abc^&amp;@#@loyalty.com', 'lvukadin@loyalty.com', 'awcawec@aedcace.cas', 'jbulatao@loyalty.com', 'jhellinga@loyalty.com', 'abc@loyalty.com', '15ekha@loyalty.com', 'test@loyalty.com')
and cu.email like '%_@__%.___%'
and mep.is_active = 1
limit 100]
2021-11-08 18:53:59.572 DEBUG 50407 --- [    Test worker] o.s.jdbc.datasource.DataSourceUtils      : Fetching JDBC Connection from DataSource
2021-11-08 18:53:59.573  INFO 50407 --- [    Test worker] com.zaxxer.hikari.HikariDataSource       : HikariPool-1 - Starting...
2021-11-08 18:54:00.296  INFO 50407 --- [    Test worker] com.zaxxer.hikari.HikariDataSource       : HikariPool-1 - Start completed.
80000000053
2021-11-08 18:54:00.627  INFO 50407 --- [    Test worker] c.l.a.cashlock.components.util.Logger    : 

[TEST AUTOMATION]
Card Number: 80000000053, New Security Pin: 4444

2021-11-08 18:54:40.713  INFO 50407 --- [    Test worker] c.l.a.cashlock.components.util.Logger    : 

[TEST AUTOMATION]
URI: https://oauth-int.airmiles.ca/oauth/token
Body Parameters: grant_type=password&client_id=nRGyXItWmxlCgGf0CG2aj8XFk069TFa9&audience=https%3A%2F%2Fmembers.loyalty.com&client_secret=Y0YOqWqx9pmdYMNk-f72zDNdIfOkYPxJCL9tjuZBGVZajArlvZqs8RsGLxqdkDuc&username=80000000053&password=4444&channel=WEB

2021-11-08 18:54:41.423  WARN 50407 --- [    Test worker] o.a.h.c.protocol.ResponseProcessCookies  : Invalid cookie header: "Set-Cookie: did=s%3Av0%3A3d5a9230-40ef-11ec-933f-15c230c839cc.ggk7uNc9pIXtlLIUbQe446JWbnIumc3nuuUNc09w%2BIA; Max-Age=31557600; Path=/; Expires=Wed, 09 Nov 2022 05:54:41 GMT; HttpOnly; Secure; SameSite=None". Invalid 'expires' attribute: Wed, 09 Nov 2022 05:54:41 GMT
2021-11-08 18:54:41.424  WARN 50407 --- [    Test worker] o.a.h.c.protocol.ResponseProcessCookies  : Invalid cookie header: "Set-Cookie: did_compat=s%3Av0%3A3d5a9230-40ef-11ec-933f-15c230c839cc.ggk7uNc9pIXtlLIUbQe446JWbnIumc3nuuUNc09w%2BIA; Max-Age=31557600; Path=/; Expires=Wed, 09 Nov 2022 05:54:41 GMT; HttpOnly; Secure". Invalid 'expires' attribute: Wed, 09 Nov 2022 05:54:41 GMT
eyJhbGciOiJSUzI1NiIsInR5cCI6IkpXVCIsImtpZCI6IlFqSkNOVVZHTVVVMk1rWkVRamcyTURsRk4wVTVOREF5UmpnM01UUXpOemsxTmpnM056UXdOUSJ9.eyJodHRwczovL21lbWJlcnMubG95YWx0eS5jb20vdmVyc2lvbiI6IjIiLCJodHRwczovL21lbWJlcnMubG95YWx0eS5jb20vbWVtYmVySWQiOiIzMDQxYWNhYy1iMDYxLTM3NzItYjdhNS00NGNhNjU5NzAzNWMiLCJodHRwczovL21lbWJlcnMubG95YWx0eS5jb20vY29sbGVjdG9yTnVtYmVyIjoiODAwMDAwMDAwNTMiLCJodHRwczovL21lbWJlcnMubG95YWx0eS5jb20vaW5mb3JtYXRpb25TdXBwcmVzc2lvbiI6dHJ1ZSwiaHR0cHM6Ly9tZW1iZXJzLmxveWFsdHkuY29tL2lzQXV0aGVudGljYXRlZCI6dHJ1ZSwiaXNzIjoiaHR0cHM6Ly9vYXV0aC1pbnQuYWlybWlsZXMuY2EvIiwic3ViIjoiYXV0aDB8djItODAwMDAwMDAwNTMiLCJhdWQiOiJodHRwczovL21lbWJlcnMubG95YWx0eS5jb20iLCJpYXQiOjE2MzY0MTU2ODEsImV4cCI6MTYzNjQxNjI4MSwiYXpwIjoiblJHeVhJdFdteGxDZ0dmMENHMmFqOFhGazA2OVRGYTkiLCJzY29wZSI6Im1lbWJlcmJhbm5lciIsImd0eSI6InBhc3N3b3JkIn0.BKeE9m_c3N2WcQ4UQ4L7Fd0YhIWZ7ZzYR41CfNLc1hdGSMGeJM9kqhlP-LYKf2JlZSrIB2BdXEEt45QRAjE7bX6wvDxWiZWeey5yxmOd2XAM6FCUeuPWSBPfiwTmsap7d7CHxlADdyeM5E7EzWaEhvaD-Wyj-wDt7Wg9TZQh8Fj8x8nKHn-xo5vJyjqWYbbMCx7jfBZKZvncF1FPT2aHn_Rz1hmyo3oZ8s8Zvc32tuiKIvHlNFjkKa5C-VWXARFD8fIsXLJJdjqfZrHnom_5JJ__0_HeyZGzz3z6BKx1orN1Mbsm2FgxrvNVKfm511bWM8SwPqIbhwEZhTlXPfwjEQ
sssssssseyJhbGciOiJSUzI1NiIsInR5cCI6IkpXVCIsImtpZCI6IlFqSkNOVVZHTVVVMk1rWkVRamcyTURsRk4wVTVOREF5UmpnM01UUXpOemsxTmpnM056UXdOUSJ9.eyJodHRwczovL21lbWJlcnMubG95YWx0eS5jb20vdmVyc2lvbiI6IjIiLCJodHRwczovL21lbWJlcnMubG95YWx0eS5jb20vbWVtYmVySWQiOiIzMDQxYWNhYy1iMDYxLTM3NzItYjdhNS00NGNhNjU5NzAzNWMiLCJodHRwczovL21lbWJlcnMubG95YWx0eS5jb20vY29sbGVjdG9yTnVtYmVyIjoiODAwMDAwMDAwNTMiLCJodHRwczovL21lbWJlcnMubG95YWx0eS5jb20vaW5mb3JtYXRpb25TdXBwcmVzc2lvbiI6dHJ1ZSwiaHR0cHM6Ly9tZW1iZXJzLmxveWFsdHkuY29tL2lzQXV0aGVudGljYXRlZCI6dHJ1ZSwiaXNzIjoiaHR0cHM6Ly9vYXV0aC1pbnQuYWlybWlsZXMuY2EvIiwic3ViIjoiYXV0aDB8djItODAwMDAwMDAwNTMiLCJhdWQiOiJodHRwczovL21lbWJlcnMubG95YWx0eS5jb20iLCJpYXQiOjE2MzY0MTU2ODEsImV4cCI6MTYzNjQxNjI4MSwiYXpwIjoiblJHeVhJdFdteGxDZ0dmMENHMmFqOFhGazA2OVRGYTkiLCJzY29wZSI6Im1lbWJlcmJhbm5lciIsImd0eSI6InBhc3N3b3JkIn0.BKeE9m_c3N2WcQ4UQ4L7Fd0YhIWZ7ZzYR41CfNLc1hdGSMGeJM9kqhlP-LYKf2JlZSrIB2BdXEEt45QRAjE7bX6wvDxWiZWeey5yxmOd2XAM6FCUeuPWSBPfiwTmsap7d7CHxlADdyeM5E7EzWaEhvaD-Wyj-wDt7Wg9TZQh8Fj8x8nKHn-xo5vJyjqWYbbMCx7jfBZKZvncF1FPT2aHn_Rz1hmyo3oZ8s8Zvc32tuiKIvHlNFjkKa5C-VWXARFD8fIsXLJJdjqfZrHnom_5JJ__0_HeyZGzz3z6BKx1orN1Mbsm2FgxrvNVKfm511bWM8SwPqIbhwEZhTlXPfwjEQ
2021-11-08 18:54:41.469  INFO 50407 --- [    Test worker] c.l.a.cashlock.components.util.Logger    : 

[TEST AUTOMATION]
Access token: eyJhbGciOiJSUzI1NiIsInR5cCI6IkpXVCIsImtpZCI6IlFqSkNOVVZHTVVVMk1rWkVRamcyTURsRk4wVTVOREF5UmpnM01UUXpOemsxTmpnM056UXdOUSJ9.eyJodHRwczovL21lbWJlcnMubG95YWx0eS5jb20vdmVyc2lvbiI6IjIiLCJodHRwczovL21lbWJlcnMubG95YWx0eS5jb20vbWVtYmVySWQiOiIzMDQxYWNhYy1iMDYxLTM3NzItYjdhNS00NGNhNjU5NzAzNWMiLCJodHRwczovL21lbWJlcnMubG95YWx0eS5jb20vY29sbGVjdG9yTnVtYmVyIjoiODAwMDAwMDAwNTMiLCJodHRwczovL21lbWJlcnMubG95YWx0eS5jb20vaW5mb3JtYXRpb25TdXBwcmVzc2lvbiI6dHJ1ZSwiaHR0cHM6Ly9tZW1iZXJzLmxveWFsdHkuY29tL2lzQXV0aGVudGljYXRlZCI6dHJ1ZSwiaXNzIjoiaHR0cHM6Ly9vYXV0aC1pbnQuYWlybWlsZXMuY2EvIiwic3ViIjoiYXV0aDB8djItODAwMDAwMDAwNTMiLCJhdWQiOiJodHRwczovL21lbWJlcnMubG95YWx0eS5jb20iLCJpYXQiOjE2MzY0MTU2ODEsImV4cCI6MTYzNjQxNjI4MSwiYXpwIjoiblJHeVhJdFdteGxDZ0dmMENHMmFqOFhGazA2OVRGYTkiLCJzY29wZSI6Im1lbWJlcmJhbm5lciIsImd0eSI6InBhc3N3b3JkIn0.BKeE9m_c3N2WcQ4UQ4L7Fd0YhIWZ7ZzYR41CfNLc1hdGSMGeJM9kqhlP-LYKf2JlZSrIB2BdXEEt45QRAjE7bX6wvDxWiZWeey5yxmOd2XAM6FCUeuPWSBPfiwTmsap7d7CHxlADdyeM5E7EzWaEhvaD-Wyj-wDt7Wg9TZQh8Fj8x8nKHn-xo5vJyjqWYbbMCx7jfBZKZvncF1FPT2aHn_Rz1hmyo3oZ8s8Zvc32tuiKIvHlNFjkKa5C-VWXARFD8fIsXLJJdjqfZrHnom_5JJ__0_HeyZGzz3z6BKx1orN1Mbsm2FgxrvNVKfm511bWM8SwPqIbhwEZhTlXPfwjEQ

2021-11-08 18:54:41.490  INFO 50407 --- [    Test worker] c.l.a.cashlock.components.util.Logger    : 

[TEST AUTOMATION]
URI: https://int.airmilesapis.ca/member-preference/cash-lock
Body Parameters: {"cashRedemptionLocked":"true"}

{"cashRedemptionLocked":"true"}
{"cashRedemptionLocked":true}
200
2021-11-08 18:54:41.827  INFO 50407 --- [    Test worker] c.l.a.cashlock.components.util.Logger    : 

[TEST AUTOMATION]
URI: https://int.airmilesapis.ca/member-preference/cash-lock


{"cashRedemptionLocked":true}
200
2021-11-08 18:54:42.111 DEBUG 50407 --- [    Test worker] c.DefaultCacheAwareContextLoaderDelegate : Retrieved ApplicationContext from cache with key [[WebMergedContextConfiguration@e9d5a65 testClass = GetCashLockSpec, locations = '{}', classes = '{class com.loyalty.avenger.cashlock.components.TestApplication, class com.loyalty.avenger.cashlock.components.TestApplication}', contextInitializerClasses = '[]', activeProfiles = '{int}', propertySourceLocations = '{}', propertySourceProperties = '{org.springframework.boot.test.context.SpringBootTestContextBootstrapper=true}', contextCustomizers = set[org.spockframework.spring.mock.SpockContextCustomizer@0, org.springframework.boot.test.autoconfigure.properties.PropertyMappingContextCustomizer@0, org.springframework.boot.test.autoconfigure.web.servlet.WebDriverContextCustomizerFactory$Customizer@6ccd80ba, org.springframework.boot.test.context.filter.ExcludeFilterContextCustomizer@4bb1da12, org.springframework.boot.test.json.DuplicateJsonObjectContextCustomizerFactory$DuplicateJsonObjectContextCustomizer@49060e8f, org.springframework.boot.test.mock.mockito.MockitoContextCustomizer@0, org.springframework.boot.test.web.client.TestRestTemplateContextCustomizer@448f8b23], resourceBasePath = 'src/main/webapp', contextLoader = 'org.springframework.boot.test.context.SpringBootContextLoader', parent = [null]]]
2021-11-08 18:54:42.111 DEBUG 50407 --- [    Test worker] org.springframework.test.context.cache   : Spring test ApplicationContext cache statistics: [DefaultContextCache@33b2bf05 size = 1, maxSize = 32, parentContextCount = 0, hitCount = 5, missCount = 1]
2021-11-08 18:54:42.112 DEBUG 50407 --- [    Test worker] c.DefaultCacheAwareContextLoaderDelegate : Retrieved ApplicationContext from cache with key [[WebMergedContextConfiguration@e9d5a65 testClass = GetCashLockSpec, locations = '{}', classes = '{class com.loyalty.avenger.cashlock.components.TestApplication, class com.loyalty.avenger.cashlock.components.TestApplication}', contextInitializerClasses = '[]', activeProfiles = '{int}', propertySourceLocations = '{}', propertySourceProperties = '{org.springframework.boot.test.context.SpringBootTestContextBootstrapper=true}', contextCustomizers = set[org.spockframework.spring.mock.SpockContextCustomizer@0, org.springframework.boot.test.autoconfigure.properties.PropertyMappingContextCustomizer@0, org.springframework.boot.test.autoconfigure.web.servlet.WebDriverContextCustomizerFactory$Customizer@6ccd80ba, org.springframework.boot.test.context.filter.ExcludeFilterContextCustomizer@4bb1da12, org.springframework.boot.test.json.DuplicateJsonObjectContextCustomizerFactory$DuplicateJsonObjectContextCustomizer@49060e8f, org.springframework.boot.test.mock.mockito.MockitoContextCustomizer@0, org.springframework.boot.test.web.client.TestRestTemplateContextCustomizer@448f8b23], resourceBasePath = 'src/main/webapp', contextLoader = 'org.springframework.boot.test.context.SpringBootContextLoader', parent = [null]]]
2021-11-08 18:54:42.113 DEBUG 50407 --- [    Test worker] org.springframework.test.context.cache   : Spring test ApplicationContext cache statistics: [DefaultContextCache@33b2bf05 size = 1, maxSize = 32, parentContextCount = 0, hitCount = 6, missCount = 1]
2021-11-08 18:54:42.113 DEBUG 50407 --- [    Test worker] c.DefaultCacheAwareContextLoaderDelegate : Retrieved ApplicationContext from cache with key [[WebMergedContextConfiguration@e9d5a65 testClass = GetCashLockSpec, locations = '{}', classes = '{class com.loyalty.avenger.cashlock.components.TestApplication, class com.loyalty.avenger.cashlock.components.TestApplication}', contextInitializerClasses = '[]', activeProfiles = '{int}', propertySourceLocations = '{}', propertySourceProperties = '{org.springframework.boot.test.context.SpringBootTestContextBootstrapper=true}', contextCustomizers = set[org.spockframework.spring.mock.SpockContextCustomizer@0, org.springframework.boot.test.autoconfigure.properties.PropertyMappingContextCustomizer@0, org.springframework.boot.test.autoconfigure.web.servlet.WebDriverContextCustomizerFactory$Customizer@6ccd80ba, org.springframework.boot.test.context.filter.ExcludeFilterContextCustomizer@4bb1da12, org.springframework.boot.test.json.DuplicateJsonObjectContextCustomizerFactory$DuplicateJsonObjectContextCustomizer@49060e8f, org.springframework.boot.test.mock.mockito.MockitoContextCustomizer@0, org.springframework.boot.test.web.client.TestRestTemplateContextCustomizer@448f8b23], resourceBasePath = 'src/main/webapp', contextLoader = 'org.springframework.boot.test.context.SpringBootContextLoader', parent = [null]]]
2021-11-08 18:54:42.113 DEBUG 50407 --- [    Test worker] org.springframework.test.context.cache   : Spring test ApplicationContext cache statistics: [DefaultContextCache@33b2bf05 size = 1, maxSize = 32, parentContextCount = 0, hitCount = 7, missCount = 1]
2021-11-08 18:54:42.117 DEBUG 50407 --- [    Test worker] tractDirtiesContextTestExecutionListener : After test method: context [DefaultTestContext@3995a0f3 testClass = GetCashLockSpec, testInstance = com.loyalty.avenger.cashlock.specification.GetCashLockSpec@3667eade, testMethod = $spock_feature_1_0@GetCashLockSpec, testException = [null], mergedContextConfiguration = [WebMergedContextConfiguration@e9d5a65 testClass = GetCashLockSpec, locations = '{}', classes = '{class com.loyalty.avenger.cashlock.components.TestApplication, class com.loyalty.avenger.cashlock.components.TestApplication}', contextInitializerClasses = '[]', activeProfiles = '{int}', propertySourceLocations = '{}', propertySourceProperties = '{org.springframework.boot.test.context.SpringBootTestContextBootstrapper=true}', contextCustomizers = set[org.spockframework.spring.mock.SpockContextCustomizer@0, org.springframework.boot.test.autoconfigure.properties.PropertyMappingContextCustomizer@0, org.springframework.boot.test.autoconfigure.web.servlet.WebDriverContextCustomizerFactory$Customizer@6ccd80ba, org.springframework.boot.test.context.filter.ExcludeFilterContextCustomizer@4bb1da12, org.springframework.boot.test.json.DuplicateJsonObjectContextCustomizerFactory$DuplicateJsonObjectContextCustomizer@49060e8f, org.springframework.boot.test.mock.mockito.MockitoContextCustomizer@0, org.springframework.boot.test.web.client.TestRestTemplateContextCustomizer@448f8b23], resourceBasePath = 'src/main/webapp', contextLoader = 'org.springframework.boot.test.context.SpringBootContextLoader', parent = [null]], attributes = map['org.springframework.test.context.web.ServletTestExecutionListener.activateListener' -> true, 'org.springframework.test.context.web.ServletTestExecutionListener.populatedRequestContextHolder' -> true, 'org.spockframework.spring.SpringMockTestExecutionListener.MOCKED_BEANS_LIST' -> list[[empty]], 'org.springframework.test.context.web.ServletTestExecutionListener.resetRequestContextHolder' -> true]], class annotated with @DirtiesContext [false] with mode [null], method annotated with @DirtiesContext [false] with mode [null].
2021-11-08 18:54:42.118 DEBUG 50407 --- [    Test worker] o.s.t.c.w.ServletTestExecutionListener   : Resetting RequestContextHolder for test context [DefaultTestContext@3995a0f3 testClass = GetCashLockSpec, testInstance = com.loyalty.avenger.cashlock.specification.GetCashLockSpec@3667eade, testMethod = $spock_feature_1_0@GetCashLockSpec, testException = [null], mergedContextConfiguration = [WebMergedContextConfiguration@e9d5a65 testClass = GetCashLockSpec, locations = '{}', classes = '{class com.loyalty.avenger.cashlock.components.TestApplication, class com.loyalty.avenger.cashlock.components.TestApplication}', contextInitializerClasses = '[]', activeProfiles = '{int}', propertySourceLocations = '{}', propertySourceProperties = '{org.springframework.boot.test.context.SpringBootTestContextBootstrapper=true}', contextCustomizers = set[org.spockframework.spring.mock.SpockContextCustomizer@0, org.springframework.boot.test.autoconfigure.properties.PropertyMappingContextCustomizer@0, org.springframework.boot.test.autoconfigure.web.servlet.WebDriverContextCustomizerFactory$Customizer@6ccd80ba, org.springframework.boot.test.context.filter.ExcludeFilterContextCustomizer@4bb1da12, org.springframework.boot.test.json.DuplicateJsonObjectContextCustomizerFactory$DuplicateJsonObjectContextCustomizer@49060e8f, org.springframework.boot.test.mock.mockito.MockitoContextCustomizer@0, org.springframework.boot.test.web.client.TestRestTemplateContextCustomizer@448f8b23], resourceBasePath = 'src/main/webapp', contextLoader = 'org.springframework.boot.test.context.SpringBootContextLoader', parent = [null]], attributes = map['org.springframework.test.context.web.ServletTestExecutionListener.activateListener' -> true, 'org.springframework.test.context.web.ServletTestExecutionListener.populatedRequestContextHolder' -> true, 'org.spockframework.spring.SpringMockTestExecutionListener.MOCKED_BEANS_LIST' -> list[[empty]], 'org.springframework.test.context.web.ServletTestExecutionListener.resetRequestContextHolder' -> true]].
2021-11-08 18:54:42.119 DEBUG 50407 --- [    Test worker] tractDirtiesContextTestExecutionListener : After test class: context [DefaultTestContext@3995a0f3 testClass = GetCashLockSpec, testInstance = [null], testMethod = [null], testException = [null], mergedContextConfiguration = [WebMergedContextConfiguration@e9d5a65 testClass = GetCashLockSpec, locations = '{}', classes = '{class com.loyalty.avenger.cashlock.components.TestApplication, class com.loyalty.avenger.cashlock.components.TestApplication}', contextInitializerClasses = '[]', activeProfiles = '{int}', propertySourceLocations = '{}', propertySourceProperties = '{org.springframework.boot.test.context.SpringBootTestContextBootstrapper=true}', contextCustomizers = set[org.spockframework.spring.mock.SpockContextCustomizer@0, org.springframework.boot.test.autoconfigure.properties.PropertyMappingContextCustomizer@0, org.springframework.boot.test.autoconfigure.web.servlet.WebDriverContextCustomizerFactory$Customizer@6ccd80ba, org.springframework.boot.test.context.filter.ExcludeFilterContextCustomizer@4bb1da12, org.springframework.boot.test.json.DuplicateJsonObjectContextCustomizerFactory$DuplicateJsonObjectContextCustomizer@49060e8f, org.springframework.boot.test.mock.mockito.MockitoContextCustomizer@0, org.springframework.boot.test.web.client.TestRestTemplateContextCustomizer@448f8b23], resourceBasePath = 'src/main/webapp', contextLoader = 'org.springframework.boot.test.context.SpringBootContextLoader', parent = [null]], attributes = map['org.springframework.test.context.web.ServletTestExecutionListener.activateListener' -> true, 'org.spockframework.spring.SpringMockTestExecutionListener.MOCKED_BEANS_LIST' -> list[[empty]], 'org.springframework.test.context.support.DependencyInjectionTestExecutionListener.reinjectDependencies' -> true]], class annotated with @DirtiesContext [false] with mode [null].
]]></system-out>
  <system-err><![CDATA[]]></system-err>
</testsuite>
